<?xml version="1.0" encoding="UTF-8"?>
<!-- Generated by org.testng.reporters.JUnitReportReporter -->
<testsuite hostname="DESKTOP-P9MM3AH" failures="0" tests="1" name="com.GuestUserWith_CreditCard.tc__ProductSetForGuestUser_InCC" time="163.598" errors="0" timestamp="2023-10-16T18:08:40 IST" skipped="0">
  <testcase classname="com.GuestUserWith_CreditCard.tc__ProductSetForGuestUser_InCC" name="productSet" time="163.598"/>
  <system-out/>
</testsuite> <!-- com.GuestUserWith_CreditCard.tc__ProductSetForGuestUser_InCC -->
