<?xml version="1.0" encoding="UTF-8"?>
<!-- Generated by org.testng.reporters.JUnitReportReporter -->
<testsuite hostname="DESKTOP-CPG5TUI" failures="0" tests="1" name="com.providio.testcases.tc__SimpleProductRegUser" time="99.754" errors="0" timestamp="2023-09-06T12:07:44 IST" skipped="0">
  <testcase classname="com.providio.testcases.tc__SimpleProductRegUser" name="simpleProduct" time="99.754"/>
  <system-out/>
</testsuite> <!-- com.providio.testcases.tc__SimpleProductRegUser -->
