<?xml version="1.0" encoding="UTF-8"?>
<!-- Generated by org.testng.reporters.JUnitReportReporter -->
<testsuite hostname="DESKTOP-CPG5TUI" failures="0" tests="1" name="com.providio.payments.tc__PaymentProccessByGCandPaypalGuestUser" time="182.504" errors="0" timestamp="2023-09-05T13:43:28 IST" skipped="0">
  <testcase classname="com.providio.payments.tc__PaymentProccessByGCandPaypalGuestUser" name="paypalFromCheckoutPage" time="182.504"/>
  <system-out/>
</testsuite> <!-- com.providio.payments.tc__PaymentProccessByGCandPaypalGuestUser -->
