<?xml version="1.0" encoding="UTF-8"?>
<!-- Generated by org.testng.reporters.JUnitReportReporter -->
<testsuite hostname="DESKTOP-CPG5TUI" failures="0" tests="1" name="com.providio.testcases.Tc_OrderFromPlp_AddToBag" time="45.183" errors="0" timestamp="2023-08-03T12:22:48 IST" skipped="0">
  <testcase classname="com.providio.testcases.Tc_OrderFromPlp_AddToBag" name="orderFromPlp_AddToBag" time="45.183"/>
  <system-out/>
</testsuite> <!-- com.providio.testcases.Tc_OrderFromPlp_AddToBag -->
