<?xml version="1.0" encoding="UTF-8"?>
<!-- Generated by org.testng.reporters.JUnitReportReporter -->
<testsuite hostname="DESKTOP-P9MM3AH" failures="0" tests="13" name="testScripts.EditPaymentsFromReviewOrderPageTest" time="3916.233" errors="0" timestamp="2024-02-28T22:00:22 IST" skipped="0">
  <testcase classname="testScripts.EditPaymentsFromReviewOrderPageTest" name="verifyingTheEditInPaymentInReviewOrderPageFromPaypalToGiftCertificateAndPaypal" time="379.836"/>
  <system-out/>
  <testcase classname="testScripts.EditPaymentsFromReviewOrderPageTest" name="verifyingTheEditInPaymentInReviewOrderPageFromPaypalToCombinationOfGiftCertificateAndCreditCard" time="396.084"/>
  <system-out/>
  <testcase classname="testScripts.EditPaymentsFromReviewOrderPageTest" name="verifyingTheEditInPaymentInReviewOrderPageFromCreditCardToPaypal" time="181.834"/>
  <system-out/>
  <testcase classname="testScripts.EditPaymentsFromReviewOrderPageTest" name="verifyingTheEditInPaymentInReviewOrderPageFromCreditCardToGiftCertificate" time="182.021"/>
  <system-out/>
  <testcase classname="testScripts.EditPaymentsFromReviewOrderPageTest" name="verifyingTheEditInPaymentInReviewOrderPageFromPaypalToGiftCertificate" time="428.850"/>
  <system-out/>
  <testcase classname="testScripts.EditPaymentsFromReviewOrderPageTest" name="verifyingTheEditInPaymentInReviewOrderPageFromCombinationOfGiftCertificateAndPaypalToGiftCertificate" time="438.889"/>
  <system-out/>
  <testcase classname="testScripts.EditPaymentsFromReviewOrderPageTest" name="verifyingTheEditInPaymentInReviewOrderPageFromCombinationOfGiftCertificateAndCreditCardToGiftCertificate" time="244.906"/>
  <system-out/>
  <testcase classname="testScripts.EditPaymentsFromReviewOrderPageTest" name="verifyingTheEditInPaymentInReviewOrderPageFromCombinationOfGiftCertificateAndCreditCardToCreditCard" time="242.760"/>
  <system-out/>
  <testcase classname="testScripts.EditPaymentsFromReviewOrderPageTest" name="verifyingTheEditInPaymentInReviewOrderPageFromCombinationOfGiftCertificateAndPaypalToPaypal" time="451.597"/>
  <system-out/>
  <testcase classname="testScripts.EditPaymentsFromReviewOrderPageTest" name="verifyingTheEditInPaymentInReviewOrderPageFromGiftCertificateToCreditCard" time="204.402"/>
  <system-out/>
  <testcase classname="testScripts.EditPaymentsFromReviewOrderPageTest" name="verifyingTheEditInPaymentInReviewOrderPageFromCreditCardToCombinationOfGiftCertificateAndPaypal" time="195.365"/>
  <system-out/>
  <testcase classname="testScripts.EditPaymentsFromReviewOrderPageTest" name="verifyingTheEditInPaymentInReviewOrderPageFromGiftCertificateToPaypal" time="190.717"/>
  <system-out/>
  <testcase classname="testScripts.EditPaymentsFromReviewOrderPageTest" name="verifyingTheEditInPaymentInReviewOrderPageFromPaypalToCreditCard" time="378.972"/>
  <system-out/>
</testsuite> <!-- testScripts.EditPaymentsFromReviewOrderPageTest -->
