<?xml version="1.0" encoding="UTF-8"?>
<!-- Generated by org.testng.reporters.JUnitReportReporter -->
<testsuite hostname="DESKTOP-P9MM3AH" failures="0" tests="1" name="com.RegUserWith_Checkout_Paypal.tc__PaypalFromCheckoutPage_RegUser" time="88.944" errors="0" timestamp="2023-10-11T15:33:08 IST" skipped="0">
  <testcase classname="com.RegUserWith_Checkout_Paypal.tc__PaypalFromCheckoutPage_RegUser" name="paypalFromCheckoutPage" time="88.944"/>
  <system-out/>
</testsuite> <!-- com.RegUserWith_Checkout_Paypal.tc__PaypalFromCheckoutPage_RegUser -->
