<?xml version="1.0" encoding="UTF-8"?>
<!-- Generated by org.testng.reporters.JUnitReportReporter -->
<testsuite hostname="DESKTOP-CPG5TUI" failures="0" tests="1" name="com.providio.testcases.practise" time="26.242" errors="0" timestamp="2023-09-12T14:56:19 IST" skipped="0">
  <testcase classname="com.providio.testcases.practise" name="practice" time="26.242"/>
  <system-out/>
</testsuite> <!-- com.providio.testcases.practise -->
