<?xml version="1.0" encoding="UTF-8"?>
<!-- Generated by org.testng.reporters.JUnitReportReporter -->
<testsuite hostname="DESKTOP-CPG5TUI" failures="0" tests="1" name="com.providio.payments.tc__PaymentProccessByGCandCC_GuestUser" time="250.455" errors="0" timestamp="2023-09-05T15:47:47 IST" skipped="0">
  <testcase classname="com.providio.payments.tc__PaymentProccessByGCandCC_GuestUser" name="paypalFromCheckoutPage" time="250.455"/>
  <system-out/>
</testsuite> <!-- com.providio.payments.tc__PaymentProccessByGCandCC_GuestUser -->
