<?xml version="1.0" encoding="UTF-8"?>
<!-- Generated by org.testng.reporters.JUnitReportReporter -->
<testsuite hostname="DESKTOP-P9MM3AH" failures="0" tests="29" name="testScripts.CheckOutPageTests" time="698.241" errors="0" timestamp="2024-02-28T22:00:22 IST" skipped="0">
  <testcase classname="testScripts.CheckOutPageTests" name="VerifingValidEmailInPOPUPForgotPasswordInCheckOutPage" time="13.525"/>
  <system-out/>
  <testcase classname="testScripts.CheckOutPageTests" name="VerifyingErrorMessagesEnter_FName_LName_Phone_Email_CEmail_PWDsInCreatingAccOnCheckOutpage" time="21.484"/>
  <system-out/>
  <testcase classname="testScripts.CheckOutPageTests" name="VerifingInvaidEmailInPOPUPForgotPasswordInCheckOutPage" time="10.443"/>
  <system-out/>
  <testcase classname="testScripts.CheckOutPageTests" name="VerifyingErrorMessageInvalidPhoneNumberInCreatingAccOnCheckOutpage" time="15.516"/>
  <system-out/>
  <testcase classname="testScripts.CheckOutPageTests" name="VerifyingErrorMessagesEnter_FName_LNameInCreatingAccOnCheckOutpage" time="16.729"/>
  <system-out/>
  <testcase classname="testScripts.CheckOutPageTests" name="VerifyingErrorMessagePasswordMissMatchInCreatingAccOnCheckOutpage" time="15.496"/>
  <system-out/>
  <testcase classname="testScripts.CheckOutPageTests" name="VerifingProductlinkInCheckOutPage" time="51.884"/>
  <system-out/>
  <testcase classname="testScripts.CheckOutPageTests" name="VerifingForgotPasswordLinkInCheckOutPage" time="47.362"/>
  <system-out/>
  <testcase classname="testScripts.CheckOutPageTests" name="VerifyingErrorMessagesEnter_FName_LName_PhoneInCreatingAccOnCheckOutpage" time="17.809"/>
  <system-out/>
  <testcase classname="testScripts.CheckOutPageTests" name="VerifyingErrorMessagePasswordStrengthInCreatingAccOnCheckOutpage" time="17.473"/>
  <system-out/>
  <testcase classname="testScripts.CheckOutPageTests" name="VerifingEmptyEmailInputandClickonContinueAsGuestBtnInCheckOutPage" time="8.399"/>
  <system-out/>
  <testcase classname="testScripts.CheckOutPageTests" name="VerifingEmptyEmailandPasswordInCheckOutPage" time="7.324"/>
  <system-out/>
  <testcase classname="testScripts.CheckOutPageTests" name="VerifingemptyEmailandInvalidPasswordInCheckOutPage" time="10.488"/>
  <system-out/>
  <testcase classname="testScripts.CheckOutPageTests" name="VerifingGuestLoginFuncitonalityInCheckOutPage" time="10.730"/>
  <system-out/>
  <testcase classname="testScripts.CheckOutPageTests" name="VerifyingErrorMessagesEnterFNameInCreatingAccOnCheckOutpage" time="12.563"/>
  <system-out/>
  <testcase classname="testScripts.CheckOutPageTests" name="VerifingInvalidEmailandInvalidPasswordInCheckOutPage" time="11.611"/>
  <system-out/>
  <testcase classname="testScripts.CheckOutPageTests" name="VerifingSignUpLinkInCheckOutPage" time="118.417"/>
  <system-out/>
  <testcase classname="testScripts.CheckOutPageTests" name="VerifyingErrorMessageMailAlreadyExistsInCreatingAccOnCheckOutpage" time="15.590"/>
  <system-out/>
  <testcase classname="testScripts.CheckOutPageTests" name="VerifyingErrorMessagesWithoutEnteringAnyDetailsInCreatingAccOnCheckOutpage" time="7.259"/>
  <system-out/>
  <testcase classname="testScripts.CheckOutPageTests" name="VerifyingErrorMessagesEnter_FName_LName_Phone_Email_CEmailInCreatingAccOnCheckOutpage" time="20.264"/>
  <system-out/>
  <testcase classname="testScripts.CheckOutPageTests" name="VerifingEmptyEmailInPOPUPForgotPasswordInCheckOutPage" time="7.214"/>
  <system-out/>
  <testcase classname="testScripts.CheckOutPageTests" name="VerifingInvaidEmailInputandClickonContinueAsGuestBtnInCheckOutPage" time="9.587"/>
  <system-out/>
  <testcase classname="testScripts.CheckOutPageTests" name="VerifingValidEmailandPasswordInCheckOutPage" time="26.815"/>
  <system-out/>
  <testcase classname="testScripts.CheckOutPageTests" name="VerifyingErrorMessagesEnter_FName_LName_Phone_EmailInCreatingAccOnCheckOutpage" time="19.230"/>
  <system-out/>
  <testcase classname="testScripts.CheckOutPageTests" name="VerifyingCrateAccountwithValidDetatisOnCheckOutpage" time="20.581"/>
  <system-out/>
  <testcase classname="testScripts.CheckOutPageTests" name="VerifyingErrorMessageEMailMissMatchInCreatingAccOnCheckOutpage" time="15.590"/>
  <system-out/>
  <testcase classname="testScripts.CheckOutPageTests" name="VerifingClickonGuestCheckoutBtnInCheckOutPage" time="127.587"/>
  <system-out/>
  <testcase classname="testScripts.CheckOutPageTests" name="VerifingClickonBacktoCartInCheckOutPage" time="10.711"/>
  <system-out/>
  <testcase classname="testScripts.CheckOutPageTests" name="VerifingInvalidEmailandEmptyPasswordInCheckOutPage" time="10.560"/>
  <system-out/>
</testsuite> <!-- testScripts.CheckOutPageTests -->
