<?xml version="1.0" encoding="UTF-8"?>
<!-- Generated by org.testng.reporters.JUnitReportReporter -->
<testsuite hostname="DESKTOP-P9MM3AH" failures="0" tests="1" name="com.providio.testcases.tc__SimpleProduct" time="1119.704" errors="0" timestamp="2023-06-26T18:50:16 IST" skipped="0">
  <testcase classname="com.providio.testcases.tc__SimpleProduct" name="simpleProduct" time="1119.704"/>
  <system-out/>
</testsuite> <!-- com.providio.testcases.tc__SimpleProduct -->
