<?xml version="1.0" encoding="UTF-8"?>
<!-- Generated by org.testng.reporters.JUnitReportReporter -->
<testsuite hostname="DESKTOP-P9MM3AH" failures="0" tests="1" name="testScripts.CreateNewProductTest" time="65.548" errors="0" timestamp="2024-03-14T15:51:38 IST" skipped="0">
  <testcase classname="testScripts.CreateNewProductTest" name="VerifyingCreateNewPoduct" time="65.548"/>
  <system-out/>
</testsuite> <!-- testScripts.CreateNewProductTest -->
