<?xml version="1.0" encoding="UTF-8"?>
<!-- Generated by org.testng.reporters.JUnitReportReporter -->
<testsuite hostname="DESKTOP-P9MM3AH" failures="0" tests="1" name="browser.launchBrowsering" time="4.319" errors="0" timestamp="2024-03-11T12:38:25 IST" skipped="0">
  <testcase classname="browser.launchBrowsering" name="VerifingHomePageLaunching" time="4.319"/>
  <system-out/>
</testsuite> <!-- browser.launchBrowsering -->
