<?xml version="1.0" encoding="UTF-8"?>
<!-- Generated by org.testng.reporters.JUnitReportReporter -->
<testsuite hostname="DESKTOP-P9MM3AH" failures="0" tests="1" name="testScripts.OrderManagementTest" time="54.769" errors="0" timestamp="2024-03-20T12:41:58 IST" skipped="0">
  <testcase classname="testScripts.OrderManagementTest" name="VerifyingOrderManagementPagefromSideMenu" time="54.769"/>
  <system-out/>
</testsuite> <!-- testScripts.OrderManagementTest -->
