<?xml version="1.0" encoding="UTF-8"?>
<!-- Generated by org.testng.reporters.JUnitReportReporter -->
<testsuite hostname="DESKTOP-CPG5TUI" failures="0" tests="1" name="com.providio.payments.tc__PaymentProccessByGCandPaypal" time="201.756" errors="0" timestamp="2023-08-10T19:39:06 IST" skipped="0">
  <testcase classname="com.providio.payments.tc__PaymentProccessByGCandPaypal" name="paypalFromCheckoutPage" time="201.756"/>
  <system-out/>
</testsuite> <!-- com.providio.payments.tc__PaymentProccessByGCandPaypal -->
