<?xml version="1.0" encoding="UTF-8"?>
<!-- Generated by org.testng.reporters.JUnitReportReporter -->
<testsuite hostname="DESKTOP-P9MM3AH" failures="0" tests="1" name="testScripts.loginToCC" time="97.826" errors="0" timestamp="2024-03-20T12:41:58 IST" skipped="0">
  <testcase classname="testScripts.loginToCC" name="VerifyingLoginWithValidCredentialsCCSandBox" time="97.826"/>
  <system-out/>
</testsuite> <!-- testScripts.loginToCC -->
