<?xml version="1.0" encoding="UTF-8"?>
<!-- Generated by org.testng.reporters.JUnitReportReporter -->
<testsuite hostname="DESKTOP-P9MM3AH" failures="0" tests="1" name="com.GuestUserWith_Minicart_Paypal.tc__BundleProductForGuestUser_InMC_Paypal" time="16.784" errors="0" timestamp="2023-10-16T15:54:38 IST" skipped="0">
  <testcase classname="com.GuestUserWith_Minicart_Paypal.tc__BundleProductForGuestUser_InMC_Paypal" name="bundleProduct" time="16.784"/>
  <system-out/>
</testsuite> <!-- com.GuestUserWith_Minicart_Paypal.tc__BundleProductForGuestUser_InMC_Paypal -->
