<?xml version="1.0" encoding="UTF-8"?>
<!-- Generated by org.testng.reporters.JUnitReportReporter -->
<testsuite hostname="DESKTOP-P9MM3AH" failures="0" tests="13" name="testScripts.ProductListingPageTest" time="285.607" errors="0" timestamp="2024-02-28T22:00:22 IST" skipped="0">
  <testcase classname="testScripts.ProductListingPageTest" name="VerifingaddToWishListFunctionalityInPLP" time="9.283"/>
  <system-out/>
  <testcase classname="testScripts.ProductListingPageTest" name="VerifingCustomInputQuantityInQuickshopModalInPLP" time="4.385"/>
  <system-out/>
  <testcase classname="testScripts.ProductListingPageTest" name="VerifingProductLinkFunctionalityInPLP" time="13.754"/>
  <system-out/>
  <testcase classname="testScripts.ProductListingPageTest" name="VerifingSortByFunctionalityInPLP" time="19.911"/>
  <system-out/>
  <testcase classname="testScripts.ProductListingPageTest" name="VerifingAttributesInQuickshopModalInPLP" time="76.642"/>
  <system-out/>
  <testcase classname="testScripts.ProductListingPageTest" name="VerifingRemoveFromWishListFunctionalityInPLP" time="22.913"/>
  <system-out/>
  <testcase classname="testScripts.ProductListingPageTest" name="VerifingCloseBtnInQuickshopModalInPLP" time="5.264"/>
  <system-out/>
  <testcase classname="testScripts.ProductListingPageTest" name="VerifingResetFunctionalityInPLP" time="20.344"/>
  <system-out/>
  <testcase classname="testScripts.ProductListingPageTest" name="VerifingViewFullDetailsInQuickshopModalInPLP" time="4.792"/>
  <system-out/>
  <testcase classname="testScripts.ProductListingPageTest" name="VerifingFiltersFunctionalityInPLP" time="5.175"/>
  <system-out/>
  <testcase classname="testScripts.ProductListingPageTest" name="VerifingAddtoCartInQuickshopModalInPLP" time="62.449"/>
  <system-out/>
  <testcase classname="testScripts.ProductListingPageTest" name="VerifingBreadCrumbsFunctionalityInPLP" time="9.739"/>
  <system-out/>
  <testcase classname="testScripts.ProductListingPageTest" name="VerifingQuickshopBtnFunctionalityInPLP" time="30.956"/>
  <system-out/>
</testsuite> <!-- testScripts.ProductListingPageTest -->
