<?xml version="1.0" encoding="UTF-8"?>
<!-- Generated by org.testng.reporters.JUnitReportReporter -->
<testsuite hostname="DESKTOP-CPG5TUI" failures="0" tests="1" name="com.providio.payments.Tc_OrderByGc_GuestUser" time="222.271" errors="0" timestamp="2023-08-11T15:27:30 IST" skipped="0">
  <testcase classname="com.providio.payments.Tc_OrderByGc_GuestUser" name="paymentByGiftCardInGuestUser" time="222.271"/>
  <system-out/>
</testsuite> <!-- com.providio.payments.Tc_OrderByGc_GuestUser -->
