<?xml version="1.0" encoding="UTF-8"?>
<!-- Generated by org.testng.reporters.JUnitReportReporter -->
<testsuite hostname="DESKTOP-P9MM3AH" failures="0" tests="1" name="com.proviodi.eachPagetest.tc__Login" time="31.355" errors="0" timestamp="2023-10-16T15:48:31 IST" skipped="0">
  <testcase classname="com.proviodi.eachPagetest.tc__Login" name="loginTest" time="31.355"/>
  <system-out/>
</testsuite> <!-- com.proviodi.eachPagetest.tc__Login -->
