<?xml version="1.0" encoding="UTF-8"?>
<!-- Generated by org.testng.reporters.JUnitReportReporter -->
<testsuite hostname="DESKTOP-P9MM3AH" failures="0" tests="1" name="testScripts.FindAStoreTest" time="0.027" errors="0" timestamp="2024-02-28T22:00:22 IST" skipped="0">
  <testcase classname="testScripts.FindAStoreTest" name="VerifyFindAStore" time="0.027"/>
  <system-out/>
</testsuite> <!-- testScripts.FindAStoreTest -->
