<?xml version="1.0" encoding="UTF-8"?>
<!-- Generated by org.testng.reporters.JUnitReportReporter -->
<testsuite hostname="DESKTOP-P9MM3AH" failures="0" tests="1" name="com.providio.testcases.tc__WishListtoAddtoCart" time="144.884" errors="0" timestamp="2023-10-16T12:15:06 IST" skipped="0">
  <testcase classname="com.providio.testcases.tc__WishListtoAddtoCart" name="wishListtoCart" time="144.884"/>
  <system-out/>
</testsuite> <!-- com.providio.testcases.tc__WishListtoAddtoCart -->
