<?xml version="1.0" encoding="UTF-8"?>
<!-- Generated by org.testng.reporters.JUnitReportReporter -->
<testsuite hostname="DESKTOP-P9MM3AH" failures="0" tests="2" name="testScripts.RefreshPageTest" time="181.680" errors="0" timestamp="2024-02-28T22:00:22 IST" skipped="0">
  <testcase classname="testScripts.RefreshPageTest" name="VerifyingRefreshingOgReviewOrderPageAndCheckThePaymentDetails" time="23.740"/>
  <system-out/>
  <testcase classname="testScripts.RefreshPageTest" name="VerifyingRefreshingOfPaymentPageAndCheckingTheReviewOrderButtonEnable" time="157.940"/>
  <system-out/>
</testsuite> <!-- testScripts.RefreshPageTest -->
