<?xml version="1.0" encoding="UTF-8"?>
<!-- Generated by org.testng.reporters.JUnitReportReporter -->
<testsuite hostname="DESKTOP-CPG5TUI" failures="0" tests="1" name="com.providio.payments.tc__PaypalFromPDPpage_RegUser" time="2.064" errors="0" timestamp="2023-09-12T16:59:53 IST" skipped="0">
  <testcase classname="com.providio.payments.tc__PaypalFromPDPpage_RegUser" name="paypalFromPDPpage" time="2.064"/>
  <system-out/>
</testsuite> <!-- com.providio.payments.tc__PaypalFromPDPpage_RegUser -->
