<?xml version="1.0" encoding="UTF-8"?>
<!-- Generated by org.testng.reporters.JUnitReportReporter -->
<testsuite hostname="DESKTOP-P9MM3AH" failures="0" tests="7" name="testScripts.SearchFunctionalityTest" time="89.818" errors="0" timestamp="2024-02-28T22:00:22 IST" skipped="0">
  <testcase classname="testScripts.SearchFunctionalityTest" name="VerifyingWhetherAbleToEnterTheDataInSearchBar" time="7.475"/>
  <system-out/>
  <testcase classname="testScripts.SearchFunctionalityTest" name="VerifyingWhetherSearchedProductIsRedirectingToCategory_Page" time="23.285"/>
  <system-out/>
  <testcase classname="testScripts.SearchFunctionalityTest" name="VerifyingWhetherUserAbleToSeeTheSuggestionsWhenThreeCharactersEnterInTheSearchBar" time="9.320"/>
  <system-out/>
  <testcase classname="testScripts.SearchFunctionalityTest" name="VerifyingTheClickOnSearchBar" time="12.281"/>
  <system-out/>
  <testcase classname="testScripts.SearchFunctionalityTest" name="VerifyingWhetherTheCharactersOrDataAreRemovedAfterClickingOnRemoveSymbol" time="8.335"/>
  <system-out/>
  <testcase classname="testScripts.SearchFunctionalityTest" name="VerifyingWhetherSearchedProductIsRedirectingToPDP_Page" time="21.823"/>
  <system-out/>
  <testcase classname="testScripts.SearchFunctionalityTest" name="VerifyingWhetherTheErrorMessageOrSearchTipsAreDisplayingWhenUserClicksOnSearchIcon" time="7.299"/>
  <system-out/>
</testsuite> <!-- testScripts.SearchFunctionalityTest -->
