<?xml version="1.0" encoding="UTF-8"?>
<!-- Generated by org.testng.reporters.JUnitReportReporter -->
<testsuite hostname="DESKTOP-P9MM3AH" failures="0" tests="32" name="testScripts.ProductDetailPageTest" time="369.463" errors="0" timestamp="2024-02-28T22:00:22 IST" skipped="0">
  <testcase classname="testScripts.ProductDetailPageTest" name="VerifyingYoptoReviesAskaQuestionEmptyFormInPDP" time="9.336"/>
  <system-out/>
  <testcase classname="testScripts.ProductDetailPageTest" name="VerifyingYoptoReviesAskaQuestionFormInPDP" time="7.441"/>
  <system-out/>
  <testcase classname="testScripts.ProductDetailPageTest" name="VerifyingYoptoReviesFiltersInPDP" time="0.025"/>
  <system-out/>
  <testcase classname="testScripts.ProductDetailPageTest" name="VerifingbreadCrumbsFunctionalityInPDP" time="9.077"/>
  <system-out/>
  <testcase classname="testScripts.ProductDetailPageTest" name="VerifyingYoptoReviesFooterInPDP" time="0.074"/>
  <system-out/>
  <testcase classname="testScripts.ProductDetailPageTest" name="VerifyingYoptoReviesInvalidSearchInPDP" time="4.361"/>
  <system-out/>
  <testcase classname="testScripts.ProductDetailPageTest" name="VerifingWithEnteringRatingHeadingandSubmitFormInPDP" time="2.069"/>
  <system-out/>
  <testcase classname="testScripts.ProductDetailPageTest" name="VerifyingYoptoReviesAskaQuestion_Question_UserName_FormInPDP" time="11.951"/>
  <system-out/>
  <testcase classname="testScripts.ProductDetailPageTest" name="VerifyingYoptoReviesFormwithStarSelection_Title_ContentInPDP" time="18.946"/>
  <system-out/>
  <testcase classname="testScripts.ProductDetailPageTest" name="VerifyingYoptoReviesFormwithStarSelectionInPDP" time="18.718"/>
  <system-out/>
  <testcase classname="testScripts.ProductDetailPageTest" name="VerifyingYoptoReviesClearSearchInPDP" time="13.733"/>
  <system-out/>
  <testcase classname="testScripts.ProductDetailPageTest" name="VerifyingYoptoReviesValidDetailsandSubmitFormInPDP" time="21.448"/>
  <system-out/>
  <testcase classname="testScripts.ProductDetailPageTest" name="VerifyingYoptoReviesRatingFilterInPDP" time="16.557"/>
  <system-out/>
  <testcase classname="testScripts.ProductDetailPageTest" name="VerifingCustomInputFunctionalityInPDP" time="4.317"/>
  <system-out/>
  <testcase classname="testScripts.ProductDetailPageTest" name="VerifyingYoptoReviesAskaQuestionValidDetailsFormInPDP" time="13.017"/>
  <system-out/>
  <testcase classname="testScripts.ProductDetailPageTest" name="VerifingWithEnteringRatingHeadingcommentnicknamesandSubmitFormInPDP" time="2.091"/>
  <system-out/>
  <testcase classname="testScripts.ProductDetailPageTest" name="VerifyingYoptoReviesValidSearchInPDP" time="4.413"/>
  <system-out/>
  <testcase classname="testScripts.ProductDetailPageTest" name="VerifingWithoutEnteringDetailsandSubmitTheReivewFormInPDP" time="2.075"/>
  <system-out/>
  <testcase classname="testScripts.ProductDetailPageTest" name="VerifyingYoptoReviesAskaQuestion_Question_FormInPDP" time="10.691"/>
  <system-out/>
  <testcase classname="testScripts.ProductDetailPageTest" name="VerifingAttriubuteSelectionFunctionalityInPDP" time="29.320"/>
  <system-out/>
  <testcase classname="testScripts.ProductDetailPageTest" name="VerifingWishlistFunctionalityInPDP" time="6.350"/>
  <system-out/>
  <testcase classname="testScripts.ProductDetailPageTest" name="VerifingProductDetailsInPDP" time="0.048"/>
  <system-out/>
  <testcase classname="testScripts.ProductDetailPageTest" name="VerifyingYoptoReviesFormwithStarSelection_Title_Content_UserNameInPDP" time="20.242"/>
  <system-out/>
  <testcase classname="testScripts.ProductDetailPageTest" name="VerifingWithEnteringRatingandSubmitFormInPDP" time="2.107"/>
  <system-out/>
  <testcase classname="testScripts.ProductDetailPageTest" name="VerifingWithEnteringRatingHeadingcommentsandSubmitFormInPDP" time="2.088"/>
  <system-out/>
  <testcase classname="testScripts.ProductDetailPageTest" name="VerifyingYoptoReviesFormInPDP" time="9.402"/>
  <system-out/>
  <testcase classname="testScripts.ProductDetailPageTest" name="VerifingAddtoCartFunctionalityInPDP" time="61.633"/>
  <system-out/>
  <testcase classname="testScripts.ProductDetailPageTest" name="VerifyingYoptoReviesRatingandImagesFilterInPDP" time="30.940"/>
  <system-out/>
  <testcase classname="testScripts.ProductDetailPageTest" name="VerifyingYoptoReviesEmptyFormInPDP" time="9.632"/>
  <system-out/>
  <testcase classname="testScripts.ProductDetailPageTest" name="VerifingNextbuttonCaurosalFunctionalityInPDP" time="7.272"/>
  <system-out/>
  <testcase classname="testScripts.ProductDetailPageTest" name="VerifyingYoptoReviesFormwithStarSelectionandTitleInPDP" time="18.010"/>
  <system-out/>
  <testcase classname="testScripts.ProductDetailPageTest" name="VerifingWriteaReviewFunctionalityInPDP" time="2.079"/>
  <system-out/>
</testsuite> <!-- testScripts.ProductDetailPageTest -->
