<?xml version="1.0" encoding="UTF-8"?>
<!-- Generated by org.testng.reporters.JUnitReportReporter -->
<testsuite hostname="DESKTOP-P9MM3AH" failures="0" tests="11" name="testScripts.MyAccountPageOrderHistoryTests" time="101.170" errors="0" timestamp="2024-02-28T22:00:22 IST" skipped="0">
  <testcase classname="testScripts.MyAccountPageOrderHistoryTests" name="VerifingBackToOrderHistoryLinkInOrderDetailPageFromOrderHistoryPageInMyAccountPage" time="0.063"/>
  <system-out/>
  <testcase classname="testScripts.MyAccountPageOrderHistoryTests" name="VerifingOrderHistoryPageInMyAccountPage" time="27.245"/>
  <system-out/>
  <testcase classname="testScripts.MyAccountPageOrderHistoryTests" name="VerifingOrderHistoryLinkInOrderDetailPageFromOrderHistoryPageInMyAccountPage" time="0.062"/>
  <system-out/>
  <testcase classname="testScripts.MyAccountPageOrderHistoryTests" name="VerifingViewLinkInOrderHistoryPageOnMyAccountPage" time="0.056"/>
  <system-out/>
  <testcase classname="testScripts.MyAccountPageOrderHistoryTests" name="VerifingHomeLinkInOrderHistoryPageOnMyAccountPage" time="7.924"/>
  <system-out/>
  <testcase classname="testScripts.MyAccountPageOrderHistoryTests" name="VerifingMyAccountLinkInOrderHistoryPageOnMyAccountPage" time="35.631"/>
  <system-out/>
  <testcase classname="testScripts.MyAccountPageOrderHistoryTests" name="VerifingHomeLinkInOrderDetailPageFromOrderHistoryPageInMyAccountPage" time="0.060"/>
  <system-out/>
  <testcase classname="testScripts.MyAccountPageOrderHistoryTests" name="VerifingBackToMyAccountLinkInOrderHistoryPageOnMyAccountPage" time="18.920"/>
  <system-out/>
  <testcase classname="testScripts.MyAccountPageOrderHistoryTests" name="VerifingMyAccountLinkInOrderDetailPageFromOrderHistoryPageInMyAccountPage" time="0.061"/>
  <system-out/>
  <testcase classname="testScripts.MyAccountPageOrderHistoryTests" name="VerifingSelectFiltersInOrderHistoryPageOnMyAccountPage" time="11.088"/>
  <system-out/>
  <testcase classname="testScripts.MyAccountPageOrderHistoryTests" name="VerifingProductLinkInOrderDetailPageFromOrderHistoryPageInMyAccountPage" time="0.060"/>
  <system-out/>
</testsuite> <!-- testScripts.MyAccountPageOrderHistoryTests -->
