<?xml version="1.0" encoding="UTF-8"?>
<!-- Generated by org.testng.reporters.JUnitReportReporter -->
<testsuite hostname="DESKTOP-P9MM3AH" failures="0" tests="14" name="testScripts.MyAccountPageAddNewAddressTests" time="310.930" errors="0" timestamp="2024-02-28T22:00:22 IST" skipped="0">
  <testcase classname="testScripts.MyAccountPageAddNewAddressTests" name="VerifyingAddNewAddressPageValidDetailsInMyAccountPage" time="21.609"/>
  <system-out/>
  <testcase classname="testScripts.MyAccountPageAddNewAddressTests" name="VerifyingAddNewAddressPageFirstNameErrorInMyAccountPage" time="18.119"/>
  <system-out/>
  <testcase classname="testScripts.MyAccountPageAddNewAddressTests" name="VerifyingAddNewAddressPageViewInMyAccountPage" time="26.331"/>
  <system-out/>
  <testcase classname="testScripts.MyAccountPageAddNewAddressTests" name="VerifingAddNewAddressPageHomeInMyAccountPage" time="35.802"/>
  <system-out/>
  <testcase classname="testScripts.MyAccountPageAddNewAddressTests" name="VerifingAddNewAddressPageBackToMyAccountInMyAccountPage" time="36.780"/>
  <system-out/>
  <testcase classname="testScripts.MyAccountPageAddNewAddressTests" name="VerifingAddNewAddressPageCancelInMyAccountPage" time="18.233"/>
  <system-out/>
  <testcase classname="testScripts.MyAccountPageAddNewAddressTests" name="VerifyingAddNewAddressPageAddressTitleAlreadyExistsErrorInMyAccountPage" time="21.669"/>
  <system-out/>
  <testcase classname="testScripts.MyAccountPageAddNewAddressTests" name="VerifyingAddNewAddressPageEmptyFormInMyAccountPage" time="16.768"/>
  <system-out/>
  <testcase classname="testScripts.MyAccountPageAddNewAddressTests" name="VerifyingAddNewAddressPagePhoneErrorInMyAccountPage" time="18.168"/>
  <system-out/>
  <testcase classname="testScripts.MyAccountPageAddNewAddressTests" name="VerifyingAddNewAddressPageAddressBookLInkInMyAccountPage" time="8.812"/>
  <system-out/>
  <testcase classname="testScripts.MyAccountPageAddNewAddressTests" name="VerifyingAddNewAddressPageAddressTitleErrorInMyAccountPage" time="18.173"/>
  <system-out/>
  <testcase classname="testScripts.MyAccountPageAddNewAddressTests" name="VerifyingAddNewAddressPageAddress1InMyAccountPage" time="15.119"/>
  <system-out/>
  <testcase classname="testScripts.MyAccountPageAddNewAddressTests" name="VerifingAddNewAddressPageMyAccountlinkInMyAccountPage" time="36.232"/>
  <system-out/>
  <testcase classname="testScripts.MyAccountPageAddNewAddressTests" name="VerifyingAddNewAddressPageLastNameErrorInMyAccountPage" time="19.115"/>
  <system-out/>
</testsuite> <!-- testScripts.MyAccountPageAddNewAddressTests -->
