<?xml version="1.0" encoding="UTF-8"?>
<!-- Generated by org.testng.reporters.JUnitReportReporter -->
<testsuite hostname="DESKTOP-CPG5TUI" failures="0" tests="1" name="com.providio.testcases.tc__PaypalBuyNow" time="115.517" errors="0" timestamp="2023-08-03T16:56:04 IST" skipped="0">
  <testcase classname="com.providio.testcases.tc__PaypalBuyNow" name="paymentByGooglePay" time="115.517"/>
  <system-out/>
</testsuite> <!-- com.providio.testcases.tc__PaypalBuyNow -->
