<?xml version="1.0" encoding="UTF-8"?>
<!-- Generated by org.testng.reporters.JUnitReportReporter -->
<testsuite hostname="DESKTOP-P9MM3AH" failures="0" tests="9" name="testScripts.MyAccountPageChangePasswordTests" time="122.964" errors="0" timestamp="2024-02-28T22:00:22 IST" skipped="0">
  <testcase classname="testScripts.MyAccountPageChangePasswordTests" name="VerifingchangePwdBackToMyAccountInMyAccountPage" time="15.640"/>
  <system-out/>
  <testcase classname="testScripts.MyAccountPageChangePasswordTests" name="VerifyingChangePasswordpassworddoesnotMatchwithCurrentUserInMyAccountPage" time="10.859"/>
  <system-out/>
  <testcase classname="testScripts.MyAccountPageChangePasswordTests" name="VerifingchangePwdHomeInMyAccountPage" time="7.962"/>
  <system-out/>
  <testcase classname="testScripts.MyAccountPageChangePasswordTests" name="VerifyingChangePasswordPageInMyAccountPage" time="6.619"/>
  <system-out/>
  <testcase classname="testScripts.MyAccountPageChangePasswordTests" name="VerifyingChangechangepwdmissmatchInMyAccountPage" time="10.760"/>
  <system-out/>
  <testcase classname="testScripts.MyAccountPageChangePasswordTests" name="VerifingchangePwdMyAccountlinkInMyAccountPage" time="32.521"/>
  <system-out/>
  <testcase classname="testScripts.MyAccountPageChangePasswordTests" name="VerifyingChangevalidPasswordInMyAccountPage" time="10.856"/>
  <system-out/>
  <testcase classname="testScripts.MyAccountPageChangePasswordTests" name="VerifyingChangePasswordEmptyFormInMyAccountPage" time="12.006"/>
  <system-out/>
  <testcase classname="testScripts.MyAccountPageChangePasswordTests" name="VerifingchangePwdCancelInMyAccountPage" time="15.741"/>
  <system-out/>
</testsuite> <!-- testScripts.MyAccountPageChangePasswordTests -->
