<?xml version="1.0" encoding="UTF-8"?>
<!-- Generated by org.testng.reporters.JUnitReportReporter -->
<testsuite hostname="DESKTOP-P9MM3AH" failures="0" tests="1" name="com.providio.testcases.tc__WriteaReview" time="28.796" errors="0" timestamp="2023-10-11T15:33:08 IST" skipped="0">
  <testcase classname="com.providio.testcases.tc__WriteaReview" name="writeReview" time="28.796"/>
  <system-out/>
</testsuite> <!-- com.providio.testcases.tc__WriteaReview -->
