<?xml version="1.0" encoding="UTF-8"?>
<!-- Generated by org.testng.reporters.JUnitReportReporter -->
<testsuite hostname="DESKTOP-P9MM3AH" failures="0" tests="10" name="testScripts.MyAccountPageGiftCardsTests" time="107.311" errors="0" timestamp="2024-02-28T22:00:22 IST" skipped="0">
  <testcase classname="testScripts.MyAccountPageGiftCardsTests" name="VerifyingGiftCardBelongstoDifferentCustomerInputInMyAccountPage" time="10.620"/>
  <system-out/>
  <testcase classname="testScripts.MyAccountPageGiftCardsTests" name="VerifyingGiftCardsCheckBalanceInvalidInputInMyAccountPage" time="10.635"/>
  <system-out/>
  <testcase classname="testScripts.MyAccountPageGiftCardsTests" name="VerifyingGiftCardsCheckBalanceInsufficientInputInMyAccountPage" time="10.625"/>
  <system-out/>
  <testcase classname="testScripts.MyAccountPageGiftCardsTests" name="VerifyingGiftCardsValidInputInMyAccountPage" time="10.510"/>
  <system-out/>
  <testcase classname="testScripts.MyAccountPageGiftCardsTests" name="VerifyingGiftCardsEmptyInputInMyAccountPage" time="7.426"/>
  <system-out/>
  <testcase classname="testScripts.MyAccountPageGiftCardsTests" name="VerifyingGiftCardsInvalidInputInMyAccountPage" time="10.520"/>
  <system-out/>
  <testcase classname="testScripts.MyAccountPageGiftCardsTests" name="VerifyingGiftCardsCheckBalanceValidInputInMyAccountPage" time="10.603"/>
  <system-out/>
  <testcase classname="testScripts.MyAccountPageGiftCardsTests" name="VerifyingGiftCardsInsufficientInputInMyAccountPage" time="10.526"/>
  <system-out/>
  <testcase classname="testScripts.MyAccountPageGiftCardsTests" name="VerifyingGiftCardsBlockViewInMyAccountPage" time="18.435"/>
  <system-out/>
  <testcase classname="testScripts.MyAccountPageGiftCardsTests" name="VerifyingGiftCardsCheckBalanceEmptyInputInMyAccountPage" time="7.411"/>
  <system-out/>
</testsuite> <!-- testScripts.MyAccountPageGiftCardsTests -->
