<?xml version="1.0" encoding="UTF-8"?>
<!-- Generated by org.testng.reporters.JUnitReportReporter -->
<testsuite hostname="DESKTOP-P9MM3AH" failures="0" tests="1" name="com.GuestUserWith_CreditCard.tc__VariationProductForGuestUser_InCC" time="122.234" errors="0" timestamp="2023-10-16T18:08:40 IST" skipped="0">
  <testcase classname="com.GuestUserWith_CreditCard.tc__VariationProductForGuestUser_InCC" name="variationProduct" time="122.234"/>
  <system-out/>
</testsuite> <!-- com.GuestUserWith_CreditCard.tc__VariationProductForGuestUser_InCC -->
