<?xml version="1.0" encoding="UTF-8"?>
<!-- Generated by org.testng.reporters.JUnitReportReporter -->
<testsuite hostname="DESKTOP-P9MM3AH" failures="0" tests="1" name="testScripts.LogOutTest" time="12.272" errors="0" timestamp="2024-02-28T22:00:22 IST" skipped="0">
  <testcase classname="testScripts.LogOutTest" name="verifyLogout" time="12.272"/>
  <system-out/>
</testsuite> <!-- testScripts.LogOutTest -->
