<?xml version="1.0" encoding="UTF-8"?>
<!-- Generated by org.testng.reporters.JUnitReportReporter -->
<testsuite hostname="DESKTOP-P9MM3AH" failures="0" tests="1" name="testScripts.OmniChannelInventryTest" time="39.388" errors="0" timestamp="2024-03-20T12:41:58 IST" skipped="0">
  <testcase classname="testScripts.OmniChannelInventryTest" name="VerifyingEnableOmniChannelInverntryfromSideMenu" time="39.388"/>
  <system-out/>
</testsuite> <!-- testScripts.OmniChannelInventryTest -->
