<?xml version="1.0" encoding="UTF-8"?>
<!-- Generated by org.testng.reporters.JUnitReportReporter -->
<testsuite hostname="DESKTOP-P9MM3AH" failures="0" tests="1" name="com.providio.login.tc__Login" time="31.741" errors="0" timestamp="2023-10-13T16:58:46 IST" skipped="0">
  <testcase classname="com.providio.login.tc__Login" name="loginTest" time="31.741"/>
  <system-out/>
</testsuite> <!-- com.providio.login.tc__Login -->
