<?xml version="1.0" encoding="UTF-8"?>
<!-- Generated by org.testng.reporters.JUnitReportReporter -->
<testsuite hostname="DESKTOP-P9MM3AH" failures="0" tests="44" name="testScripts.MyAccountPageCreditCardTests" time="150.552" errors="0" timestamp="2024-02-28T22:00:22 IST" skipped="0">
  <testcase classname="testScripts.MyAccountPageCreditCardTests" name="VerifyingStripeCreditCardPaymentlPageBackToMyAccountLinkInkInMyAccountPage" time="0.093"/>
  <system-out/>
  <testcase classname="testScripts.MyAccountPageCreditCardTests" name="VerifyingBrainTreeCreditCardRemoveCreditCardInkInMyAccountPage" time="7.267"/>
  <system-out/>
  <testcase classname="testScripts.MyAccountPageCreditCardTests" name="VerifyingBrainTreeCreditCardMakeAsaDefaultCreditCardInkInMyAccountPage" time="7.241"/>
  <system-out/>
  <testcase classname="testScripts.MyAccountPageCreditCardTests" name="VerifyingCyberSourceCreditCardEmptyFormInkInMyAccountPage" time="0.068"/>
  <system-out/>
  <testcase classname="testScripts.MyAccountPageCreditCardTests" name="VerifyingCyberSourceCreditCardFormPagePaymentLinkInkInMyAccountPage" time="0.084"/>
  <system-out/>
  <testcase classname="testScripts.MyAccountPageCreditCardTests" name="VerifyingCyberSourceCreditCardValidDeatilsAndSubmitFormInkInMyAccountPage" time="0.067"/>
  <system-out/>
  <testcase classname="testScripts.MyAccountPageCreditCardTests" name="VerifyingCyberSourceCreditCardPaymentlPageRemovePOPUPCancelbtnLinkInkInMyAccountPage" time="0.092"/>
  <system-out/>
  <testcase classname="testScripts.MyAccountPageCreditCardTests" name="VerifyingCyberSourceCreditCardFormPageHomeLinkInkInMyAccountPage" time="0.069"/>
  <system-out/>
  <testcase classname="testScripts.MyAccountPageCreditCardTests" name="VerifyingStripeCreditCardPostalCodeErrorInkInMyAccountPage" time="0.070"/>
  <system-out/>
  <testcase classname="testScripts.MyAccountPageCreditCardTests" name="VerifyingStripeCreditCardExpDateErrorInkInMyAccountPage" time="0.069"/>
  <system-out/>
  <testcase classname="testScripts.MyAccountPageCreditCardTests" name="VerifyingCyberSourceCreditCardFormPageMyAccountLinkInkInMyAccountPage" time="0.068"/>
  <system-out/>
  <testcase classname="testScripts.MyAccountPageCreditCardTests" name="VerifyingBrainTreeCreditCardAlreadyHaveCreditCardInkInMyAccountPage" time="38.829"/>
  <system-out/>
  <testcase classname="testScripts.MyAccountPageCreditCardTests" name="VerifyingCyberSourceCreditCardNameInkInMyAccountPage" time="0.067"/>
  <system-out/>
  <testcase classname="testScripts.MyAccountPageCreditCardTests" name="VerifyingCyberSourceCreditCardPaymentlPageHomeLinkInkInMyAccountPage" time="0.092"/>
  <system-out/>
  <testcase classname="testScripts.MyAccountPageCreditCardTests" name="VerifyingStripeCreditCardValidDeatilsAndSubmitFormInkInMyAccountPage" time="0.069"/>
  <system-out/>
  <testcase classname="testScripts.MyAccountPageCreditCardTests" name="VerifyingCyberSourceCreditCardPaymentlPageBackToMyAccountLinkInkInMyAccountPage" time="0.092"/>
  <system-out/>
  <testcase classname="testScripts.MyAccountPageCreditCardTests" name="VerifyingBrainTreeCreditCardEnterNameNumberandCvvFormInkInMyAccountPage" time="12.954"/>
  <system-out/>
  <testcase classname="testScripts.MyAccountPageCreditCardTests" name="VerifyingStripeCreditCardInvalidCardNumberInkInMyAccountPage" time="0.078"/>
  <system-out/>
  <testcase classname="testScripts.MyAccountPageCreditCardTests" name="VerifyingCyberSourceCreditCardPaymentlPageHomeMyAccountLinkInkInMyAccountPage" time="0.100"/>
  <system-out/>
  <testcase classname="testScripts.MyAccountPageCreditCardTests" name="VerifyingCyberSourceCreditCardFormPageInkInMyAccountPage" time="0.062"/>
  <system-out/>
  <testcase classname="testScripts.MyAccountPageCreditCardTests" name="VerifyingCyberSourceCreditCardPaymentlPageRemovePOPUPOKbtnLinkInkInMyAccountPage" time="0.093"/>
  <system-out/>
  <testcase classname="testScripts.MyAccountPageCreditCardTests" name="VerifyingStripeCreditCardFormPageInkInMyAccountPage" time="0.131"/>
  <system-out/>
  <testcase classname="testScripts.MyAccountPageCreditCardTests" name="VerifyingStripeCreditCardPaymentlPageRemovePOPUPOKbtnLinkInkInMyAccountPage" time="0.092"/>
  <system-out/>
  <testcase classname="testScripts.MyAccountPageCreditCardTests" name="VerifyingBrainTreeCreditCardValidDetailsFormInkInMyAccountPage" time="16.923"/>
  <system-out/>
  <testcase classname="testScripts.MyAccountPageCreditCardTests" name="VerifyingBrainTreeCreditCardEmptyFormInkInMyAccountPage" time="12.522"/>
  <system-out/>
  <testcase classname="testScripts.MyAccountPageCreditCardTests" name="VerifyingCyberSourceCreditCardInvalidCardNumberInkInMyAccountPage" time="0.069"/>
  <system-out/>
  <testcase classname="testScripts.MyAccountPageCreditCardTests" name="VerifyingStripeCreditCardFormPagePaymentLinkInkInMyAccountPage" time="0.092"/>
  <system-out/>
  <testcase classname="testScripts.MyAccountPageCreditCardTests" name="VerifyingCyberSourceCreditCardFormPageCancelBtnInkInMyAccountPage" time="0.078"/>
  <system-out/>
  <testcase classname="testScripts.MyAccountPageCreditCardTests" name="VerifyingStripeCreditCardFormPageMyAccountLinkInkInMyAccountPage" time="0.072"/>
  <system-out/>
  <testcase classname="testScripts.MyAccountPageCreditCardTests" name="VerifyingBrainTreeCreditCardFormInkInMyAccountPage" time="22.189"/>
  <system-out/>
  <testcase classname="testScripts.MyAccountPageCreditCardTests" name="VerifyingStripeCreditCardPaymentlPageRemovePOPUPCancelbtnLinkInkInMyAccountPage" time="0.092"/>
  <system-out/>
  <testcase classname="testScripts.MyAccountPageCreditCardTests" name="VerifyingBrainTreeCreditCardCancelButtonInkInMyAccountPage" time="7.530"/>
  <system-out/>
  <testcase classname="testScripts.MyAccountPageCreditCardTests" name="VerifyingCyberSourceCreditCardExpDateInkInMyAccountPage" time="0.068"/>
  <system-out/>
  <testcase classname="testScripts.MyAccountPageCreditCardTests" name="VerifyingCyberSourceCreditCardNumberInkInMyAccountPage" time="0.068"/>
  <system-out/>
  <testcase classname="testScripts.MyAccountPageCreditCardTests" name="VerifyingBrainTreeCreditCardEnterNameandNumberFormInkInMyAccountPage" time="11.796"/>
  <system-out/>
  <testcase classname="testScripts.MyAccountPageCreditCardTests" name="VerifyingStripeCreditCardPaymentlPageHomeMyAccountLinkInkInMyAccountPage" time="0.094"/>
  <system-out/>
  <testcase classname="testScripts.MyAccountPageCreditCardTests" name="VerifyingStripeCreditCardViewLinkInkInMyAccountPage" time="0.053"/>
  <system-out/>
  <testcase classname="testScripts.MyAccountPageCreditCardTests" name="VerifyingStripeCreditCardPaymentlPageHomeLinkInkInMyAccountPage" time="0.094"/>
  <system-out/>
  <testcase classname="testScripts.MyAccountPageCreditCardTests" name="VerifyingStripeCreditCardFormPageCancelBtnInkInMyAccountPage" time="0.076"/>
  <system-out/>
  <testcase classname="testScripts.MyAccountPageCreditCardTests" name="VerifyingBrainTreeCreditCardEnterNameFormInkInMyAccountPage" time="10.631"/>
  <system-out/>
  <testcase classname="testScripts.MyAccountPageCreditCardTests" name="VerifyingStripeCreditCardEmptyFormInkInMyAccountPage" time="0.067"/>
  <system-out/>
  <testcase classname="testScripts.MyAccountPageCreditCardTests" name="VerifyingStripeCreditCardCVVErrorInkInMyAccountPage" time="0.073"/>
  <system-out/>
  <testcase classname="testScripts.MyAccountPageCreditCardTests" name="VerifyingCyberSourceCreditCardViewLinkInkInMyAccountPage" time="0.046"/>
  <system-out/>
  <testcase classname="testScripts.MyAccountPageCreditCardTests" name="VerifyingStripeCreditCardFormPageHomeLinkInkInMyAccountPage" time="0.072"/>
  <system-out/>
</testsuite> <!-- testScripts.MyAccountPageCreditCardTests -->
