<?xml version="1.0" encoding="UTF-8"?>
<!-- Generated by org.testng.reporters.JUnitReportReporter -->
<testsuite hostname="DESKTOP-CPG5TUI" failures="0" tests="1" name="com.RegUserWith_CreditCard.tc__BySearchingProduct_GuestUser_InCC" time="140.213" errors="0" timestamp="2023-09-12T10:31:50 IST" skipped="0">
  <testcase classname="com.RegUserWith_CreditCard.tc__BySearchingProduct_GuestUser_InCC" name="bySearchingProduct" time="140.213"/>
  <system-out/>
</testsuite> <!-- com.RegUserWith_CreditCard.tc__BySearchingProduct_GuestUser_InCC -->
