<?xml version="1.0" encoding="UTF-8"?>
<!-- Generated by org.testng.reporters.JUnitReportReporter -->
<testsuite hostname="DESKTOP-P9MM3AH" failures="0" tests="11" name="testScripts.MyAccountPageEditProileTests" time="175.322" errors="0" timestamp="2024-02-28T22:00:22 IST" skipped="0">
  <testcase classname="testScripts.MyAccountPageEditProileTests" name="VerifingEditprofileInvalidPhoneNumberInMyAccountPage" time="15.575"/>
  <system-out/>
  <testcase classname="testScripts.MyAccountPageEditProileTests" name="VerifingEditprofileEmptyFormInMyAccountPage" time="21.038"/>
  <system-out/>
  <testcase classname="testScripts.MyAccountPageEditProileTests" name="VerifingEditprofilelinkInMyAccountPage" time="6.609"/>
  <system-out/>
  <testcase classname="testScripts.MyAccountPageEditProileTests" name="VerifingEditprofileInvalidEmailInMyAccountPage" time="15.344"/>
  <system-out/>
  <testcase classname="testScripts.MyAccountPageEditProileTests" name="VerifingEditprofilePWDmissMatchInMyAccountPage" time="15.311"/>
  <system-out/>
  <testcase classname="testScripts.MyAccountPageEditProileTests" name="VerifingEditprofileBackToMyAccountInMyAccountPage" time="15.611"/>
  <system-out/>
  <testcase classname="testScripts.MyAccountPageEditProileTests" name="VerifingEditprofileEmailMissMatchInMyAccountPage" time="15.323"/>
  <system-out/>
  <testcase classname="testScripts.MyAccountPageEditProileTests" name="VerifingEditprofileValidDetalsInMyAccountPage" time="15.411"/>
  <system-out/>
  <testcase classname="testScripts.MyAccountPageEditProileTests" name="VerifingEditprofileMyAccountlinkInMyAccountPage" time="31.934"/>
  <system-out/>
  <testcase classname="testScripts.MyAccountPageEditProileTests" name="VerifingEditprofileHomeInMyAccountPage" time="7.620"/>
  <system-out/>
  <testcase classname="testScripts.MyAccountPageEditProileTests" name="VerifingEditprofileCancelInMyAccountPage" time="15.546"/>
  <system-out/>
</testsuite> <!-- testScripts.MyAccountPageEditProileTests -->
