<?xml version="1.0" encoding="UTF-8"?>
<!-- Generated by org.testng.reporters.JUnitReportReporter -->
<testsuite hostname="DESKTOP-P9MM3AH" failures="0" tests="1" name="com.providio.logout.tc__LogOut" time="14.465" errors="0" timestamp="2023-10-11T15:33:08 IST" skipped="0">
  <testcase classname="com.providio.logout.tc__LogOut" name="Logout" time="14.465"/>
  <system-out/>
</testsuite> <!-- com.providio.logout.tc__LogOut -->
