<?xml version="1.0" encoding="UTF-8"?>
<!-- Generated by org.testng.reporters.JUnitReportReporter -->
<testsuite hostname="DESKTOP-P9MM3AH" failures="0" tests="11" name="testScripts.MyAccountPageEditAddressPageTests" time="235.109" errors="0" timestamp="2024-02-28T22:00:22 IST" skipped="0">
  <testcase classname="testScripts.MyAccountPageEditAddressPageTests" name="VerifingeditAddressEditAddressMyAccountlinkInMyAccountPage" time="42.825"/>
  <system-out/>
  <testcase classname="testScripts.MyAccountPageEditAddressPageTests" name="VerifingeditAddressEditAddressBackToMyAccountInMyAccountPage" time="20.037"/>
  <system-out/>
  <testcase classname="testScripts.MyAccountPageEditAddressPageTests" name="VerifyingEditAddressAddressBookLInkInMyAccountPage" time="17.679"/>
  <system-out/>
  <testcase classname="testScripts.MyAccountPageEditAddressPageTests" name="VerifyingEditAddressPagePhoneErrorInMyAccountPage" time="16.948"/>
  <system-out/>
  <testcase classname="testScripts.MyAccountPageEditAddressPageTests" name="VerifyingEditAddressPageAddress1InMyAccountPage" time="13.808"/>
  <system-out/>
  <testcase classname="testScripts.MyAccountPageEditAddressPageTests" name="VerifingeditAddressEditAddressCancelInMyAccountPage" time="25.099"/>
  <system-out/>
  <testcase classname="testScripts.MyAccountPageEditAddressPageTests" name="VerifyingEditAddressPageLastNameErrorInMyAccountPage" time="18.051"/>
  <system-out/>
  <testcase classname="testScripts.MyAccountPageEditAddressPageTests" name="VerifyingEditAddressPageValidDetailsInMyAccountPage" time="20.259"/>
  <system-out/>
  <testcase classname="testScripts.MyAccountPageEditAddressPageTests" name="VerifyingEditAddressPageFirstNameErrorInMyAccountPage" time="17.114"/>
  <system-out/>
  <testcase classname="testScripts.MyAccountPageEditAddressPageTests" name="VerifyingEditAddressPageEmptyFormInMyAccountPage" time="23.979"/>
  <system-out/>
  <testcase classname="testScripts.MyAccountPageEditAddressPageTests" name="VerifingeditAddressEditAddressHomeInMyAccountPage" time="19.310"/>
  <system-out/>
</testsuite> <!-- testScripts.MyAccountPageEditAddressPageTests -->
