<?xml version="1.0" encoding="UTF-8"?>
<!-- Generated by org.testng.reporters.JUnitReportReporter -->
<testsuite hostname="DESKTOP-CPG5TUI" failures="0" tests="1" name="com.RegUserWith_Minicart_Paypal.tc__PaypalFromPDPpage_RegUser" time="25.956" errors="0" timestamp="2023-09-11T13:53:51 IST" skipped="0">
  <testcase classname="com.RegUserWith_Minicart_Paypal.tc__PaypalFromPDPpage_RegUser" name="paypalFromPDPpage" time="25.956"/>
  <system-out/>
</testsuite> <!-- com.RegUserWith_Minicart_Paypal.tc__PaypalFromPDPpage_RegUser -->
