<?xml version="1.0" encoding="UTF-8"?>
<!-- Generated by org.testng.reporters.JUnitReportReporter -->
<testsuite hostname="DESKTOP-CPG5TUI" failures="0" tests="1" name="com.providio.testcases.tc__CustomerSupprot" time="34.944" errors="0" timestamp="2023-08-03T19:35:04 IST" skipped="0">
  <testcase classname="com.providio.testcases.tc__CustomerSupprot" name="customerSuppor" time="34.944"/>
  <system-out/>
</testsuite> <!-- com.providio.testcases.tc__CustomerSupprot -->
