<?xml version="1.0" encoding="UTF-8"?>
<!-- Generated by org.testng.reporters.JUnitReportReporter -->
<testsuite hostname="DESKTOP-P9MM3AH" failures="0" tests="9" name="testScripts.ClpPageTests" time="252.726" errors="0" timestamp="2024-02-28T22:00:22 IST" skipped="0">
  <testcase classname="testScripts.ClpPageTests" name="VerifingCustomInputQuantityInQuickshopModal_CLP_InPLP" time="21.069"/>
  <system-out/>
  <testcase classname="testScripts.ClpPageTests" name="VerifingAddtoCartInQuickshopModal_CLP_InPLP" time="59.484"/>
  <system-out/>
  <testcase classname="testScripts.ClpPageTests" name="VerifingCloseBtnInQuickshopModal_CLP_InPLP" time="37.698"/>
  <system-out/>
  <testcase classname="testScripts.ClpPageTests" name="VerifingViewFullDetailsInQuickshopModal_CLP_InPLP" time="19.911"/>
  <system-out/>
  <testcase classname="testScripts.ClpPageTests" name="VerifingClpPageRemoveFromWishListINCLP" time="15.927"/>
  <system-out/>
  <testcase classname="testScripts.ClpPageTests" name="VerifingClpPageProductLinkINCLP" time="9.730"/>
  <system-out/>
  <testcase classname="testScripts.ClpPageTests" name="VerifingClpPageAddToWishListINCLP" time="7.475"/>
  <system-out/>
  <testcase classname="testScripts.ClpPageTests" name="VerifingClpPageLinkInHomepageforCLPpageView" time="21.988"/>
  <system-out/>
  <testcase classname="testScripts.ClpPageTests" name="VerifingAttributesInQuickshopModal_CLP_InPLP" time="59.444"/>
  <system-out/>
</testsuite> <!-- testScripts.ClpPageTests -->
