<?xml version="1.0" encoding="UTF-8"?>
<!-- Generated by org.testng.reporters.JUnitReportReporter -->
<testsuite hostname="Upendra" failures="0" tests="1" name="testSuiteRunner.ProvidioTesting" time="1278.659" errors="0" timestamp="2024-02-12T13:02:28 IST" skipped="0">
  <testcase classname="testSuiteRunner.ProvidioTesting" name="testsuitRunner" time="1278.659"/>
  <system-out/>
</testsuite> <!-- testSuiteRunner.ProvidioTesting -->
