<?xml version="1.0" encoding="UTF-8"?>
<!-- Generated by org.testng.reporters.JUnitReportReporter -->
<testsuite hostname="DESKTOP-CPG5TUI" failures="0" tests="1" name="com.providio.testcases.Tc_OrderByGCandCC_InGuestUser" time="644.168" errors="0" timestamp="2023-07-31T11:46:28 IST" skipped="0">
  <testcase classname="com.providio.testcases.Tc_OrderByGCandCC_InGuestUser" name="orderByCCandGC_GuestUser" time="644.168"/>
  <system-out/>
</testsuite> <!-- com.providio.testcases.Tc_OrderByGCandCC_InGuestUser -->
