<?xml version="1.0" encoding="UTF-8"?>
<!-- Generated by org.testng.reporters.JUnitReportReporter -->
<testsuite hostname="DESKTOP-P9MM3AH" failures="0" tests="7" name="testScripts.MyAccountPageAddressBookTests" time="108.361" errors="0" timestamp="2024-02-28T22:00:22 IST" skipped="0">
  <testcase classname="testScripts.MyAccountPageAddressBookTests" name="VerifyingMakeOneAddressAsaDefaultAddressInAddressBookPageInMyAccountPage" time="11.840"/>
  <system-out/>
  <testcase classname="testScripts.MyAccountPageAddressBookTests" name="VerifyingRemoveAddressCancelButtonEditAddressPageInMyAccountPage" time="21.518"/>
  <system-out/>
  <testcase classname="testScripts.MyAccountPageAddressBookTests" name="VerifingAddressBookHomeInMyAccountPage" time="9.753"/>
  <system-out/>
  <testcase classname="testScripts.MyAccountPageAddressBookTests" name="VerifingAddressBookMyAccountlinkInMyAccountPage" time="33.076"/>
  <system-out/>
  <testcase classname="testScripts.MyAccountPageAddressBookTests" name="VerifyingDeleteOneAddressformAddressBookPageInMyAccountPage" time="14.425"/>
  <system-out/>
  <testcase classname="testScripts.MyAccountPageAddressBookTests" name="VerifyingViewAddressBookInMyAccountPage" time="0.023"/>
  <system-out/>
  <testcase classname="testScripts.MyAccountPageAddressBookTests" name="VerifingAddressBookBackToMyAccountInMyAccountPage" time="17.726"/>
  <system-out/>
</testsuite> <!-- testScripts.MyAccountPageAddressBookTests -->
