<?xml version="1.0" encoding="UTF-8"?>
<!-- Generated by org.testng.reporters.JUnitReportReporter -->
<testsuite hostname="DESKTOP-P9MM3AH" failures="0" tests="1" name="com.RegUserWith_MiniCart_Paypal.tc__VariationProductForReg_InMC_Paypal" time="79.114" errors="0" timestamp="2023-09-21T12:05:22 IST" skipped="0">
  <testcase classname="com.RegUserWith_MiniCart_Paypal.tc__VariationProductForReg_InMC_Paypal" name="variationProduct" time="79.114"/>
  <system-out/>
</testsuite> <!-- com.RegUserWith_MiniCart_Paypal.tc__VariationProductForReg_InMC_Paypal -->
