<?xml version="1.0" encoding="UTF-8"?>
<!-- Generated by org.testng.reporters.JUnitReportReporter -->
<testsuite hostname="DESKTOP-CPG5TUI" failures="0" tests="1" name="com.providio.payments.tc__OrderByGCandPaypalGuestUser" time="112.961" errors="0" timestamp="2023-09-06T12:07:44 IST" skipped="0">
  <testcase classname="com.providio.payments.tc__OrderByGCandPaypalGuestUser" name="paypalFromCheckoutPage" time="112.961"/>
  <system-out/>
</testsuite> <!-- com.providio.payments.tc__OrderByGCandPaypalGuestUser -->
