<?xml version="1.0" encoding="UTF-8"?>
<!-- Generated by org.testng.reporters.JUnitReportReporter -->
<testsuite hostname="DESKTOP-CPG5TUI" failures="0" tests="1" name="com.providio.testcases.tc__NavigationAllMenus" time="0.560" errors="1" timestamp="2023-09-01T13:00:46 IST" skipped="0">
  <testcase classname="com.providio.testcases.tc__NavigationAllMenus" name="Navigation" time="0.560">
    <error message="Unresolved compilation problems: 
	The method clicknewarrivalssMenu(WebDriver) is undefined for the type navigationPage
	The method ClicknewarrivalofMens() is undefined for the type navigationPage
	The method clicknewarrivalssMenu(WebDriver) is undefined for the type navigationPage
	The method ClicknewarrivalofWomens() is undefined for the type navigationPage
	The method clicknewarrivalssMenu(WebDriver) is undefined for the type navigationPage
	The method ClicknewarrivalofElectronics() is undefined for the type navigationPage
	The method clickwoMensMenubaritems(WebDriver) is undefined for the type navigationPage
	The method ClickwoMensofOutfits(WebDriver) is undefined for the type navigationPage
	The method clickwoMensMenubaritems(WebDriver) is undefined for the type navigationPage
	The method ClickwoMensofTops() is undefined for the type navigationPage
	The method clickwoMensMenubaritems(WebDriver) is undefined for the type navigationPage
	The method ClickwoMensofDresses() is undefined for the type navigationPage
	The method clickwoMensMenubaritems(WebDriver) is undefined for the type navigationPage
	The method ClickwoMensofbottoms() is undefined for the type navigationPage
	The method clickwoMensMenubaritems(WebDriver) is undefined for the type navigationPage
	The method ClickwoMensofjackets() is undefined for the type navigationPage
	The method clickwoMensMenubaritems(WebDriver) is undefined for the type navigationPage
	The method ClickwoMensofFeelingRed() is undefined for the type navigationPage
	The method clickwoMensMenubaritems(WebDriver) is undefined for the type navigationPage
	The method ClickwoMensofEarRings() is undefined for the type navigationPage
	The method clickwoMensMenubaritems(WebDriver) is undefined for the type navigationPage
	The method ClickwoMensofnecklaces() is undefined for the type navigationPage
	The method clickwoMensMenubaritems(WebDriver) is undefined for the type navigationPage
	The method ClickwoMensofBraceletss(WebDriver) is undefined for the type navigationPage
	The method clickwoMensMenubaritems(WebDriver) is undefined for the type navigationPage
	The method ClickwoMensofscarves() is undefined for the type navigationPage
	The method clickwoMensMenubaritems(WebDriver) is undefined for the type navigationPage
	The method ClickwoMensofshoes() is undefined for the type navigationPage
	The method clickMensMenubaritems(WebDriver) is undefined for the type navigationPage
	The method ClickMensofsuits() is undefined for the type navigationPage
	The method clickMensMenubaritems(WebDriver) is undefined for the type navigationPage
	The method ClickMensofPants() is undefined for the type navigationPage
	The method clickMensMenubaritems(WebDriver) is undefined for the type navigationPage
	The method ClickMensofShirts() is undefined for the type navigationPage
	The method clickMensMenubaritems(WebDriver) is undefined for the type navigationPage
	The method ClickMensofJackets() is undefined for the type navigationPage
	The method clickMensMenubaritems(WebDriver) is undefined for the type navigationPage
	The method ClickMensofShorts() is undefined for the type navigationPage
	The method clickMensMenubaritems(WebDriver) is undefined for the type navigationPage
	The method ClickMensofties() is undefined for the type navigationPage
	The method clickMensMenubaritems(WebDriver) is undefined for the type navigationPage
	The method ClickMensofgloves() is undefined for the type navigationPage
	The method clickMensMenubaritems(WebDriver) is undefined for the type navigationPage
	The method ClickMensofluggage() is undefined for the type navigationPage
	The method clickelectronicsMenu(WebDriver) is undefined for the type navigationPage
	The method Clickelectronicsofcameras() is undefined for the type navigationPage
	The method clickelectronicsMenu(WebDriver) is undefined for the type navigationPage
	The method ClickelectronicsofGaming() is undefined for the type navigationPage
	The method clickelectronicsMenu(WebDriver) is undefined for the type navigationPage
	The method ClickelectronicsofGpsUnits() is undefined for the type navigationPage
	The method clickelectronicsMenu(WebDriver) is undefined for the type navigationPage
	The method Clickelectronicsofmediaplayers() is undefined for the type navigationPage
	The method clickelectronicsMenu(WebDriver) is undefined for the type navigationPage
	The method ClickelectronicsofTelevisions(WebDriver) is undefined for the type navigationPage
	The method clickTopsellerMenu(WebDriver) is undefined for the type navigationPage
" type="java.lang.Error">
      <![CDATA[java.lang.Error: Unresolved compilation problems: 
The method clicknewarrivalssMenu(WebDriver) is undefined for the type navigationPage
The method ClicknewarrivalofMens() is undefined for the type navigationPage
The method clicknewarrivalssMenu(WebDriver) is undefined for the type navigationPage
The method ClicknewarrivalofWomens() is undefined for the type navigationPage
The method clicknewarrivalssMenu(WebDriver) is undefined for the type navigationPage
The method ClicknewarrivalofElectronics() is undefined for the type navigationPage
The method clickwoMensMenubaritems(WebDriver) is undefined for the type navigationPage
The method ClickwoMensofOutfits(WebDriver) is undefined for the type navigationPage
The method clickwoMensMenubaritems(WebDriver) is undefined for the type navigationPage
The method ClickwoMensofTops() is undefined for the type navigationPage
The method clickwoMensMenubaritems(WebDriver) is undefined for the type navigationPage
The method ClickwoMensofDresses() is undefined for the type navigationPage
The method clickwoMensMenubaritems(WebDriver) is undefined for the type navigationPage
The method ClickwoMensofbottoms() is undefined for the type navigationPage
The method clickwoMensMenubaritems(WebDriver) is undefined for the type navigationPage
The method ClickwoMensofjackets() is undefined for the type navigationPage
The method clickwoMensMenubaritems(WebDriver) is undefined for the type navigationPage
The method ClickwoMensofFeelingRed() is undefined for the type navigationPage
The method clickwoMensMenubaritems(WebDriver) is undefined for the type navigationPage
The method ClickwoMensofEarRings() is undefined for the type navigationPage
The method clickwoMensMenubaritems(WebDriver) is undefined for the type navigationPage
The method ClickwoMensofnecklaces() is undefined for the type navigationPage
The method clickwoMensMenubaritems(WebDriver) is undefined for the type navigationPage
The method ClickwoMensofBraceletss(WebDriver) is undefined for the type navigationPage
The method clickwoMensMenubaritems(WebDriver) is undefined for the type navigationPage
The method ClickwoMensofscarves() is undefined for the type navigationPage
The method clickwoMensMenubaritems(WebDriver) is undefined for the type navigationPage
The method ClickwoMensofshoes() is undefined for the type navigationPage
The method clickMensMenubaritems(WebDriver) is undefined for the type navigationPage
The method ClickMensofsuits() is undefined for the type navigationPage
The method clickMensMenubaritems(WebDriver) is undefined for the type navigationPage
The method ClickMensofPants() is undefined for the type navigationPage
The method clickMensMenubaritems(WebDriver) is undefined for the type navigationPage
The method ClickMensofShirts() is undefined for the type navigationPage
The method clickMensMenubaritems(WebDriver) is undefined for the type navigationPage
The method ClickMensofJackets() is undefined for the type navigationPage
The method clickMensMenubaritems(WebDriver) is undefined for the type navigationPage
The method ClickMensofShorts() is undefined for the type navigationPage
The method clickMensMenubaritems(WebDriver) is undefined for the type navigationPage
The method ClickMensofties() is undefined for the type navigationPage
The method clickMensMenubaritems(WebDriver) is undefined for the type navigationPage
The method ClickMensofgloves() is undefined for the type navigationPage
The method clickMensMenubaritems(WebDriver) is undefined for the type navigationPage
The method ClickMensofluggage() is undefined for the type navigationPage
The method clickelectronicsMenu(WebDriver) is undefined for the type navigationPage
The method Clickelectronicsofcameras() is undefined for the type navigationPage
The method clickelectronicsMenu(WebDriver) is undefined for the type navigationPage
The method ClickelectronicsofGaming() is undefined for the type navigationPage
The method clickelectronicsMenu(WebDriver) is undefined for the type navigationPage
The method ClickelectronicsofGpsUnits() is undefined for the type navigationPage
The method clickelectronicsMenu(WebDriver) is undefined for the type navigationPage
The method Clickelectronicsofmediaplayers() is undefined for the type navigationPage
The method clickelectronicsMenu(WebDriver) is undefined for the type navigationPage
The method ClickelectronicsofTelevisions(WebDriver) is undefined for the type navigationPage
The method clickTopsellerMenu(WebDriver) is undefined for the type navigationPage

at com.providio.testcases.tc__NavigationAllMenus.Navigation(tc__NavigationAllMenus.java:33)
at java.base/jdk.internal.reflect.NativeMethodAccessorImpl.invoke0(Native Method)
at java.base/jdk.internal.reflect.NativeMethodAccessorImpl.invoke(NativeMethodAccessorImpl.java:77)
at java.base/jdk.internal.reflect.DelegatingMethodAccessorImpl.invoke(DelegatingMethodAccessorImpl.java:43)
at java.base/java.lang.reflect.Method.invoke(Method.java:568)
at org.testng.internal.invokers.MethodInvocationHelper.invokeMethod(MethodInvocationHelper.java:139)
at org.testng.internal.invokers.TestInvoker.invokeMethod(TestInvoker.java:677)
at org.testng.internal.invokers.TestInvoker.invokeTestMethod(TestInvoker.java:221)
at org.testng.internal.invokers.MethodRunner.runInSequence(MethodRunner.java:50)
at org.testng.internal.invokers.TestInvoker$MethodInvocationAgent.invoke(TestInvoker.java:969)
at org.testng.internal.invokers.TestInvoker.invokeTestMethods(TestInvoker.java:194)
at org.testng.internal.invokers.TestMethodWorker.invokeTestMethods(TestMethodWorker.java:148)
at org.testng.internal.invokers.TestMethodWorker.run(TestMethodWorker.java:128)
at java.base/java.util.ArrayList.forEach(ArrayList.java:1511)
at org.testng.TestRunner.privateRun(TestRunner.java:829)
at org.testng.TestRunner.run(TestRunner.java:602)
at org.testng.SuiteRunner.runTest(SuiteRunner.java:437)
at org.testng.SuiteRunner.runSequentially(SuiteRunner.java:431)
at org.testng.SuiteRunner.privateRun(SuiteRunner.java:391)
at org.testng.SuiteRunner.run(SuiteRunner.java:330)
at org.testng.SuiteRunnerWorker.runSuite(SuiteRunnerWorker.java:52)
at org.testng.SuiteRunnerWorker.run(SuiteRunnerWorker.java:95)
at org.testng.TestNG.runSuitesSequentially(TestNG.java:1256)
at org.testng.TestNG.runSuitesLocally(TestNG.java:1176)
at org.testng.TestNG.runSuites(TestNG.java:1099)
at org.testng.TestNG.run(TestNG.java:1067)
at org.testng.remote.AbstractRemoteTestNG.run(AbstractRemoteTestNG.java:115)
at org.testng.remote.RemoteTestNG.initAndRun(RemoteTestNG.java:251)
at org.testng.remote.RemoteTestNG.main(RemoteTestNG.java:77)
]]>
    </error>
  </testcase> <!-- Navigation -->
  <system-out/>
</testsuite> <!-- com.providio.testcases.tc__NavigationAllMenus -->
