<?xml version="1.0" encoding="UTF-8"?>
<!-- Generated by org.testng.reporters.JUnitReportReporter -->
<testsuite hostname="DESKTOP-CPG5TUI" failures="0" tests="1" name="com.providio.testcases.tc__By_BuyNow_Button" time="22.032" errors="0" timestamp="2023-09-06T12:07:44 IST" skipped="0">
  <testcase classname="com.providio.testcases.tc__By_BuyNow_Button" name="byNowButton" time="22.032"/>
  <system-out/>
</testsuite> <!-- com.providio.testcases.tc__By_BuyNow_Button -->
