<?xml version="1.0" encoding="UTF-8"?>
<!-- Generated by org.testng.reporters.JUnitReportReporter -->
<testsuite hostname="DESKTOP-P9MM3AH" failures="0" tests="3" name="testScripts.OrderRegressionTest" time="636.028" errors="0" timestamp="2024-02-28T11:29:18 IST" skipped="0">
  <testcase classname="testScripts.OrderRegressionTest" name="verifyingOrderIsPlacingWithPaypalFromCheckoutPageInGuestUser" time="223.926"/>
  <system-out/>
  <testcase classname="testScripts.OrderRegressionTest" name="verifyingOrderIsPlacingWithCreditCardInGuestUser" time="210.470"/>
  <system-out/>
  <testcase classname="testScripts.OrderRegressionTest" name="verifyingOrderIsPlacingWithGiftCardInGuestUser" time="201.632"/>
  <system-out/>
</testsuite> <!-- testScripts.OrderRegressionTest -->
