<?xml version="1.0" encoding="UTF-8"?>
<!-- Generated by org.testng.reporters.JUnitReportReporter -->
<testsuite hostname="DESKTOP-CPG5TUI" failures="0" tests="1" name="com.providio.payments.tc__PaypalFromCheckoutPage" time="213.885" errors="0" timestamp="2023-08-08T13:24:49 IST" skipped="0">
  <testcase classname="com.providio.payments.tc__PaypalFromCheckoutPage" name="paypalFromCheckoutPage" time="213.885"/>
  <system-out/>
</testsuite> <!-- com.providio.payments.tc__PaypalFromCheckoutPage -->
