<?xml version="1.0" encoding="UTF-8"?>
<!-- Generated by org.testng.reporters.JUnitReportReporter -->
<testsuite hostname="DESKTOP-P9MM3AH" failures="0" tests="10" name="testScripts.PaymentPageGiftCerificationTests" time="259.492" errors="0" timestamp="2024-02-28T22:00:22 IST" skipped="0">
  <testcase classname="testScripts.PaymentPageGiftCerificationTests" name="VerifyingInsufficientGcInPaymentPage" time="9.554"/>
  <system-out/>
  <testcase classname="testScripts.PaymentPageGiftCerificationTests" name="VerifyingGiftCardsCheckBalanceInvalidInputInPaymentPage" time="10.562"/>
  <system-out/>
  <testcase classname="testScripts.PaymentPageGiftCerificationTests" name="VerifyingSuccesMessageForValidGcApplied" time="11.524"/>
  <system-out/>
  <testcase classname="testScripts.PaymentPageGiftCerificationTests" name="VerifyingGiftCardsCheckBalanceEmptyInputInPaymentPage" time="7.438"/>
  <system-out/>
  <testcase classname="testScripts.PaymentPageGiftCerificationTests" name="VerifyingGiftCardsCheckBalanceInsufficientInputInPaymentPage" time="10.472"/>
  <system-out/>
  <testcase classname="testScripts.PaymentPageGiftCerificationTests" name="VerifyingRemoveGcInPaymentPage" time="6.456"/>
  <system-out/>
  <testcase classname="testScripts.PaymentPageGiftCerificationTests" name="VerifyingGiftCardsCheckBalanceValidInputInPaymentPage" time="10.578"/>
  <system-out/>
  <testcase classname="testScripts.PaymentPageGiftCerificationTests" name="VerifyingDifferentGcUserInPaymentPage" time="9.507"/>
  <system-out/>
  <testcase classname="testScripts.PaymentPageGiftCerificationTests" name="VerifyingInvalidGcErrorMsgInPaymentPage" time="9.601"/>
  <system-out/>
  <testcase classname="testScripts.PaymentPageGiftCerificationTests" name="VerifyingEmptyGiftInPaymentPage" time="173.800"/>
  <system-out/>
</testsuite> <!-- testScripts.PaymentPageGiftCerificationTests -->
