<?xml version="1.0" encoding="UTF-8"?>
<!-- Generated by org.testng.reporters.JUnitReportReporter -->
<testsuite hostname="DESKTOP-CPG5TUI" failures="0" tests="1" name="com.providio.testcases.tc__PaypalCheckout_MiniCart" time="127.470" errors="0" timestamp="2023-08-01T09:29:12 IST" skipped="0">
  <testcase classname="com.providio.testcases.tc__PaypalCheckout_MiniCart" name="paypalCheckout_MiniCart" time="127.470"/>
  <system-out/>
</testsuite> <!-- com.providio.testcases.tc__PaypalCheckout_MiniCart -->
