<?xml version="1.0" encoding="UTF-8"?>
<!-- Generated by org.testng.reporters.JUnitReportReporter -->
<testsuite hostname="DESKTOP-CPG5TUI" failures="0" tests="1" name="com.providio.testcases.tc__PickUpStore" time="128.499" errors="0" timestamp="2023-09-06T15:13:10 IST" skipped="0">
  <testcase classname="com.providio.testcases.tc__PickUpStore" name="paypalFromCheckoutPage" time="128.499"/>
  <system-out/>
</testsuite> <!-- com.providio.testcases.tc__PickUpStore -->
