<?xml version="1.0" encoding="UTF-8"?>
<!-- Generated by org.testng.reporters.JUnitReportReporter -->
<testsuite hostname="DESKTOP-P9MM3AH" failures="0" tests="38" name="testScripts.WishlistPageTests" time="1014.077" errors="0" timestamp="2024-02-28T22:00:22 IST" skipped="0">
  <testcase classname="testScripts.WishlistPageTests" name="VerifyingProductsinWishList" time="12.466"/>
  <system-out/>
  <testcase classname="testScripts.WishlistPageTests" name="VerifyingErrorMessagesEnter_FName_LName_Phone_Email_CEmail_PWDsInCreatingAccOnWishListPage" time="21.324"/>
  <system-out/>
  <testcase classname="testScripts.WishlistPageTests" name="VerifingEmptyFormInWishListPage" time="9.351"/>
  <system-out/>
  <testcase classname="testScripts.WishlistPageTests" name="VerifyingErrorMessagesEnterFNameInCreatingAccOnWishListPage" time="12.483"/>
  <system-out/>
  <testcase classname="testScripts.WishlistPageTests" name="VerifyingErrorMessagePasswordMissMatchInWishListPage" time="17.488"/>
  <system-out/>
  <testcase classname="testScripts.WishlistPageTests" name="VerifyingErrorMessagesEnter_FName_LName_Phone_Email_CEmailInCreatingAccOnWishListPage" time="20.245"/>
  <system-out/>
  <testcase classname="testScripts.WishlistPageTests" name="VerifyingselectAttributesClosebuttoninWishListPage" time="5.203"/>
  <system-out/>
  <testcase classname="testScripts.WishlistPageTests" name="VerifyingRemoveFromWishListinWishListPage" time="12.271"/>
  <system-out/>
  <testcase classname="testScripts.WishlistPageTests" name="VerifyingHomeLinkinWishListPage" time="13.009"/>
  <system-out/>
  <testcase classname="testScripts.WishlistPageTests" name="VerifyingErrorMessagesEnter_FName_LName_PhoneInCreatingAccOnWishListPage" time="17.877"/>
  <system-out/>
  <testcase classname="testScripts.WishlistPageTests" name="VerifyingselectAttributespopupUpdateButtoninWishListPage" time="34.177"/>
  <system-out/>
  <testcase classname="testScripts.WishlistPageTests" name="VerifyingselectAttributespopupAttributesinWishListPage" time="38.447"/>
  <system-out/>
  <testcase classname="testScripts.WishlistPageTests" name="VerifyingCustomInputinWishListPage" time="51.896"/>
  <system-out/>
  <testcase classname="testScripts.WishlistPageTests" name="VerifingCreateAccountLinkInWishListPage" time="187.212"/>
  <system-out/>
  <testcase classname="testScripts.WishlistPageTests" name="VerifyingErrorMessagesEnter_FName_LName_Phone_EmailInCreatingAccOnWishListPage" time="18.971"/>
  <system-out/>
  <testcase classname="testScripts.WishlistPageTests" name="VerifingForgotPasswordLinkInWishListPage" time="201.505"/>
  <system-out/>
  <testcase classname="testScripts.WishlistPageTests" name="VerifyingErrorMessagePasswordStrengthInWishListPage" time="19.486"/>
  <system-out/>
  <testcase classname="testScripts.WishlistPageTests" name="VerifyingLoginFailureWithIncorrectCredentialsInWishListPage" time="11.632"/>
  <system-out/>
  <testcase classname="testScripts.WishlistPageTests" name="VerifyingLoginFailureWithInvalidEmailFormatInWishListPage" time="7.609"/>
  <system-out/>
  <testcase classname="testScripts.WishlistPageTests" name="VerifyingErrorMessageInvalidEmailInWishListPage" time="17.585"/>
  <system-out/>
  <testcase classname="testScripts.WishlistPageTests" name="VerifyingselectAttributesLinkinWishListPage" time="10.411"/>
  <system-out/>
  <testcase classname="testScripts.WishlistPageTests" name="VerifyingErrorMessageMailAlreadyExistsInWishListPage" time="17.600"/>
  <system-out/>
  <testcase classname="testScripts.WishlistPageTests" name="VerifyingCrateAccountwithValidDetatisInWishListPage" time="20.608"/>
  <system-out/>
  <testcase classname="testScripts.WishlistPageTests" name="VerifyingLoginFailureWithEmptyEmailInWishListPage" time="7.568"/>
  <system-out/>
  <testcase classname="testScripts.WishlistPageTests" name="VerifingInvaidEmailInPOPUPForgotPasswordInWishListPage" time="6.303"/>
  <system-out/>
  <testcase classname="testScripts.WishlistPageTests" name="VerifingValidEmailInPOPUPForgotPasswordInWishListPage" time="13.646"/>
  <system-out/>
  <testcase classname="testScripts.WishlistPageTests" name="VerifyingErrorMessageEMailMissMatchInWishListPage" time="17.711"/>
  <system-out/>
  <testcase classname="testScripts.WishlistPageTests" name="VerifyingLoginFailureWithEmptyPasswordInWishListPage" time="7.524"/>
  <system-out/>
  <testcase classname="testScripts.WishlistPageTests" name="VerifingEmptyEmailInPOPUPForgotPasswordInWishListPage" time="7.312"/>
  <system-out/>
  <testcase classname="testScripts.WishlistPageTests" name="VerifyingEditpopupAttributesinWishListPage" time="55.972"/>
  <system-out/>
  <testcase classname="testScripts.WishlistPageTests" name="VerifyingEditpopupUpdateButtoninWishListPage" time="46.772"/>
  <system-out/>
  <testcase classname="testScripts.WishlistPageTests" name="VerifyingEditClosebuttoninWishListPage" time="5.230"/>
  <system-out/>
  <testcase classname="testScripts.WishlistPageTests" name="VerifyingErrorMessageInvalidPhoneNumberInWishListPage" time="17.666"/>
  <system-out/>
  <testcase classname="testScripts.WishlistPageTests" name="VerifyingLoginWithValidCredentialsInWishListPage" time="9.940"/>
  <system-out/>
  <testcase classname="testScripts.WishlistPageTests" name="VerifyingLoginFailureWithEmptyEmailAndPasswordInWishListPage" time="5.207"/>
  <system-out/>
  <testcase classname="testScripts.WishlistPageTests" name="VerifyingAddtocartButtoninWishListPage" time="7.285"/>
  <system-out/>
  <testcase classname="testScripts.WishlistPageTests" name="VerifyingErrorMessagesEnter_FName_LNameInCreatingAccOnWishListPage" time="16.689"/>
  <system-out/>
  <testcase classname="testScripts.WishlistPageTests" name="VerifyingEditLinkinWishListPage" time="10.396"/>
  <system-out/>
</testsuite> <!-- testScripts.WishlistPageTests -->
