<?xml version="1.0" encoding="UTF-8"?>
<!-- Generated by org.testng.reporters.JUnitReportReporter -->
<testsuite hostname="DESKTOP-P9MM3AH" failures="0" tests="5" name="testScripts.HomePageTests" time="127.843" errors="0" timestamp="2024-02-28T22:00:22 IST" skipped="0">
  <testcase classname="testScripts.HomePageTests" name="VerifingMegaMenuCLPSelectionInHomePage" time="21.840"/>
  <system-out/>
  <testcase classname="testScripts.HomePageTests" name="VerifingWishListLinkInHomePage" time="9.804"/>
  <system-out/>
  <testcase classname="testScripts.HomePageTests" name="VerifingMegaMenuSelectionInHomePage" time="11.958"/>
  <system-out/>
  <testcase classname="testScripts.HomePageTests" name="VerifingMIniCartBtnClickInHomePage" time="74.250"/>
  <system-out/>
  <testcase classname="testScripts.HomePageTests" name="VerifingSignInLinkInHomePage" time="9.991"/>
  <system-out/>
</testsuite> <!-- testScripts.HomePageTests -->
