<?xml version="1.0" encoding="UTF-8"?>
<!-- Generated by org.testng.reporters.JUnitReportReporter -->
<testsuite hostname="Upendra" failures="0" tests="10" name="testScripts.GiftCertificateScenariosInCartTest" time="1155.029" errors="0" timestamp="2024-02-20T18:36:35 IST" skipped="0">
  <testcase classname="testScripts.GiftCertificateScenariosInCartTest" name="VerifyingNoVisibilityOfGiftCertificateSectionWhenGcInCartInGuestUser" time="78.057"/>
  <system-out/>
  <testcase classname="testScripts.GiftCertificateScenariosInCartTest" name="VerifyingPlaceOrderWithCreditCardWhenOnlyGcInCartInGuestUser" time="92.350"/>
  <system-out/>
  <testcase classname="testScripts.GiftCertificateScenariosInCartTest" name="VerifyingPlaceOrderOfGiftCertificateAndSimpleProductInCartWithPaypalInRegisterUser" time="163.669"/>
  <system-out/>
  <testcase classname="testScripts.GiftCertificateScenariosInCartTest" name="VerifyingPlaceOrderWithPaypalWhenOnlyGcInCartInRegisterUser" time="132.429"/>
  <system-out/>
  <testcase classname="testScripts.GiftCertificateScenariosInCartTest" name="VerifyingPlaceOrderWithCreditCardWhenOnlyGcInCartInRegisterUser" time="125.192"/>
  <system-out/>
  <testcase classname="testScripts.GiftCertificateScenariosInCartTest" name="VerifyingPlaceOrderOfGiftCertificateAndSimpleProductInCartWithCreditCardInRegisterUser" time="105.634"/>
  <system-out/>
  <testcase classname="testScripts.GiftCertificateScenariosInCartTest" name="VerifyingPlaceOrderOfGiftCertificateAndSimpleProductInCartWithCreditCardInGuestUser" time="123.500"/>
  <system-out/>
  <testcase classname="testScripts.GiftCertificateScenariosInCartTest" name="VerifyingNoVisibilityOfGiftCertificateSectionWhenGcInCartInRegisterUser" time="88.273"/>
  <system-out/>
  <testcase classname="testScripts.GiftCertificateScenariosInCartTest" name="VerifyingPlaceOrderOfGiftCertificateAndSimpleProductInCartWithPaypalInGuestUser" time="123.481"/>
  <system-out/>
  <testcase classname="testScripts.GiftCertificateScenariosInCartTest" name="VerifyingPlaceOrderWithPaypalWhenOnlyGcInCartInGuestUser" time="122.444"/>
  <system-out/>
</testsuite> <!-- testScripts.GiftCertificateScenariosInCartTest -->
