<?xml version="1.0" encoding="UTF-8"?>
<!-- Generated by org.testng.reporters.JUnitReportReporter -->
<testsuite hostname="DESKTOP-CPG5TUI" failures="0" tests="1" name="com.CombinationOfProducts_InGuestUserWith_CreditCard.orderFor_simpleProduct_Gc" time="111.194" errors="0" timestamp="2023-09-06T10:15:18 IST" skipped="0">
  <testcase classname="com.CombinationOfProducts_InGuestUserWith_CreditCard.orderFor_simpleProduct_Gc" name="simpleProduct_Gc" time="111.194"/>
  <system-out/>
</testsuite> <!-- com.CombinationOfProducts_InGuestUserWith_CreditCard.orderFor_simpleProduct_Gc -->
