<?xml version="1.0" encoding="UTF-8"?>
<!-- Generated by org.testng.reporters.JUnitReportReporter -->
<testsuite hostname="DESKTOP-P9MM3AH" failures="0" tests="1" name="com.RegUserWith_CreditCard.tc__SimpleProductRegUser_InCC" time="101.659" errors="0" timestamp="2023-10-12T15:09:19 IST" skipped="0">
  <testcase classname="com.RegUserWith_CreditCard.tc__SimpleProductRegUser_InCC" name="simpleProduct" time="101.659"/>
  <system-out/>
</testsuite> <!-- com.RegUserWith_CreditCard.tc__SimpleProductRegUser_InCC -->
