<?xml version="1.0" encoding="UTF-8"?>
<!-- Generated by org.testng.reporters.JUnitReportReporter -->
<testsuite hostname="DESKTOP-P9MM3AH" failures="0" tests="2" name="testScripts.BuyNowTest" time="184.194" errors="0" timestamp="2024-02-28T22:00:22 IST" skipped="0">
  <testcase classname="testScripts.BuyNowTest" name="VerifyingPlaceOrderWithBuyNowPopUp" time="73.684"/>
  <system-out/>
  <testcase classname="testScripts.BuyNowTest" name="VerifyingPlaceOrderWithBuyNowButton" time="110.510"/>
  <system-out/>
</testsuite> <!-- testScripts.BuyNowTest -->
