<?xml version="1.0" encoding="UTF-8"?>
<!-- Generated by org.testng.reporters.JUnitReportReporter -->
<testsuite hostname="DESKTOP-P9MM3AH" failures="0" tests="1" name="browser.Practice" time="5.174" errors="0" timestamp="2024-03-20T12:04:01 IST" skipped="0">
  <testcase classname="browser.Practice" name="practivelaunching" time="5.174"/>
  <system-out/>
</testsuite> <!-- browser.Practice -->
