<?xml version="1.0" encoding="UTF-8"?>
<!-- Generated by org.testng.reporters.JUnitReportReporter -->
<testsuite hostname="DESKTOP-P9MM3AH" failures="0" tests="15" name="testScripts.CreateAccountPageTest" time="260.196" errors="0" timestamp="2024-02-28T22:00:22 IST" skipped="0">
  <testcase classname="testScripts.CreateAccountPageTest" name="VerifyingErrorMessagesEnter_FName_LName_Phone_Email_CEmailInCreatingAcc" time="20.359"/>
  <system-out/>
  <testcase classname="testScripts.CreateAccountPageTest" name="VerifyingErrorMessageEMailMissMatchInCreatingAccountPage" time="17.862"/>
  <system-out/>
  <testcase classname="testScripts.CreateAccountPageTest" name="VerifingCreateAccountLinkInLoginPage" time="13.683"/>
  <system-out/>
  <testcase classname="testScripts.CreateAccountPageTest" name="VerifyingErrorMessagesEnter_FName_LName_Phone_EmailInCreatingAcc" time="19.199"/>
  <system-out/>
  <testcase classname="testScripts.CreateAccountPageTest" name="VerifyingErrorMessagePasswordStrengthInCreatingAccountPage" time="19.575"/>
  <system-out/>
  <testcase classname="testScripts.CreateAccountPageTest" name="VerifyingErrorMessagePasswordMissMatchInCreatingAccountPage" time="17.563"/>
  <system-out/>
  <testcase classname="testScripts.CreateAccountPageTest" name="VerifingEmptyFormInCreateAccountPage" time="9.328"/>
  <system-out/>
  <testcase classname="testScripts.CreateAccountPageTest" name="VerifyingErrorMessageMailAlreadyExistsInCreatingAccountPage" time="17.775"/>
  <system-out/>
  <testcase classname="testScripts.CreateAccountPageTest" name="VerifyingErrorMessagesEnter_FName_LNameInCreatingAcc" time="16.773"/>
  <system-out/>
  <testcase classname="testScripts.CreateAccountPageTest" name="VerifyingErrorMessagesEnter_FName_LName_PhoneInCreatingAcc" time="17.966"/>
  <system-out/>
  <testcase classname="testScripts.CreateAccountPageTest" name="VerifyingCrateAccountwithValidDetatisOnCreatingAccountPage" time="20.681"/>
  <system-out/>
  <testcase classname="testScripts.CreateAccountPageTest" name="VerifyingErrorMessagesEnterFNameInCreatingAcc" time="12.639"/>
  <system-out/>
  <testcase classname="testScripts.CreateAccountPageTest" name="VerifyingErrorMessageInvalidPhoneNumberInCreatingAccountPage" time="17.657"/>
  <system-out/>
  <testcase classname="testScripts.CreateAccountPageTest" name="VerifyingErrorMessageInvalidEmailInCreatingAccountPage" time="17.613"/>
  <system-out/>
  <testcase classname="testScripts.CreateAccountPageTest" name="VerifyingErrorMessagesEnter_FName_LName_Phone_Email_CEmail_PWDsInCreatingAcc" time="21.523"/>
  <system-out/>
</testsuite> <!-- testScripts.CreateAccountPageTest -->
