<?xml version="1.0" encoding="UTF-8"?>
<!-- Generated by org.testng.reporters.JUnitReportReporter -->
<testsuite hostname="DESKTOP-P9MM3AH" failures="0" tests="14" name="testScripts.MyAccountPageAddNewAddressPageFromABTests" time="287.581" errors="0" timestamp="2024-02-28T22:00:22 IST" skipped="0">
  <testcase classname="testScripts.MyAccountPageAddNewAddressPageFromABTests" name="VerifingBackToMyAccountAddNewAddressPageFromAddressBookInMyAccountPage" time="20.160"/>
  <system-out/>
  <testcase classname="testScripts.MyAccountPageAddNewAddressPageFromABTests" name="VerifyingAddNewAddressPageViewFromAddressBookInMyAccountPage" time="15.716"/>
  <system-out/>
  <testcase classname="testScripts.MyAccountPageAddNewAddressPageFromABTests" name="VerifyingAddNewAddressPageValidDetailsFromAddressBookInMyAccountPage" time="21.512"/>
  <system-out/>
  <testcase classname="testScripts.MyAccountPageAddNewAddressPageFromABTests" name="VerifyingAddNewAddressPageAddress1FromAddressBookInMyAccountPage" time="15.003"/>
  <system-out/>
  <testcase classname="testScripts.MyAccountPageAddNewAddressPageFromABTests" name="VerifyingAddressBookLinkInAddNewAddressPageFromAddressBookInMyAccountPage" time="8.888"/>
  <system-out/>
  <testcase classname="testScripts.MyAccountPageAddNewAddressPageFromABTests" name="VerifyingAddNewAddressPageAddressTitleErrorFromAddressBookInMyAccountPage" time="18.213"/>
  <system-out/>
  <testcase classname="testScripts.MyAccountPageAddNewAddressPageFromABTests" name="VerifingMyAccountLinkInAddNewAddressPageFromAddressBookInMyAccountPage" time="42.895"/>
  <system-out/>
  <testcase classname="testScripts.MyAccountPageAddNewAddressPageFromABTests" name="VerifyingAddNewAddressPageEmptyFormFromAddressBookInMyAccountPage" time="23.490"/>
  <system-out/>
  <testcase classname="testScripts.MyAccountPageAddNewAddressPageFromABTests" name="VerifyingAddNewAddressPageFirstNameErrorFromAddressBookInMyAccountPage" time="18.362"/>
  <system-out/>
  <testcase classname="testScripts.MyAccountPageAddNewAddressPageFromABTests" name="VerifyingAddNewAddressPagePhoneErrorFromAddressBookInMyAccountPage" time="18.324"/>
  <system-out/>
  <testcase classname="testScripts.MyAccountPageAddNewAddressPageFromABTests" name="VerifyingAddNewAddressPageAddressTitleAlreadyExistsErrorFromAddressBookInMyAccountPage" time="21.435"/>
  <system-out/>
  <testcase classname="testScripts.MyAccountPageAddNewAddressPageFromABTests" name="VerifingCancelButtonAddNewAddressPageFromAddressBookInMyAccountPage" time="25.000"/>
  <system-out/>
  <testcase classname="testScripts.MyAccountPageAddNewAddressPageFromABTests" name="VerifingHomePageLinkAddNewAddressPageFromAddressBookInMyAccountPage" time="19.276"/>
  <system-out/>
  <testcase classname="testScripts.MyAccountPageAddNewAddressPageFromABTests" name="VerifyingAddNewAddressPageLastNameErrorFromAddressBookInMyAccountPage" time="19.307"/>
  <system-out/>
</testsuite> <!-- testScripts.MyAccountPageAddNewAddressPageFromABTests -->
