<?xml version="1.0" encoding="UTF-8"?>
<!-- Generated by org.testng.reporters.JUnitReportReporter -->
<testsuite hostname="DESKTOP-P9MM3AH" failures="0" tests="13" name="testScripts.ViewCartPageTests" time="400.102" errors="0" timestamp="2024-02-29T10:37:12 IST" skipped="0">
  <testcase classname="testScripts.ViewCartPageTests" name="VerifingMoveToWishlistLinkInViewCart" time="7.248"/>
  <system-out/>
  <testcase classname="testScripts.ViewCartPageTests" name="VerifingCustomInputInEditPOPUPInViewCart" time="4.311"/>
  <system-out/>
  <testcase classname="testScripts.ViewCartPageTests" name="VerifingEditBtnInViewCart" time="9.378"/>
  <system-out/>
  <testcase classname="testScripts.ViewCartPageTests" name="VerifingEditPOPUPUpdateBtnInViewCart" time="6.286"/>
  <system-out/>
  <testcase classname="testScripts.ViewCartPageTests" name="VerifingAttributesinEditPOPUpInViewCart" time="62.420"/>
  <system-out/>
  <testcase classname="testScripts.ViewCartPageTests" name="VerifingEditPOPUPCloseBtnInViewCart" time="7.262"/>
  <system-out/>
  <testcase classname="testScripts.ViewCartPageTests" name="VerifingRemoveInViewCart" time="7.286"/>
  <system-out/>
  <testcase classname="testScripts.ViewCartPageTests" name="VerifingCustomInputInViewCart" time="5.407"/>
  <system-out/>
  <testcase classname="testScripts.ViewCartPageTests" name="VerifingInvalidPromoCodeInViewCart" time="6.397"/>
  <system-out/>
  <testcase classname="testScripts.ViewCartPageTests" name="VerifingCheckOutBtnClickInViewCart" time="8.584"/>
  <system-out/>
  <testcase classname="testScripts.ViewCartPageTests" name="VerifingEmptyPromoCodeInViewCart" time="89.888"/>
  <system-out/>
  <testcase classname="testScripts.ViewCartPageTests" name="VerifingSelectShippingMethodInViewCart" time="92.073"/>
  <system-out/>
  <testcase classname="testScripts.ViewCartPageTests" name="VerifingContinueShoppingLinkInViewCart" time="93.562"/>
  <system-out/>
</testsuite> <!-- testScripts.ViewCartPageTests -->
