<?xml version="1.0" encoding="UTF-8"?>
<!-- Generated by org.testng.reporters.JUnitReportReporter -->
<testsuite hostname="DESKTOP-P9MM3AH" failures="0" tests="1" name="testScripts.placeTheOrderTest" time="182.407" errors="0" timestamp="2024-03-18T10:56:23 IST" skipped="0">
  <testcase classname="testScripts.placeTheOrderTest" name="VerifyingPlaceTheOrder" time="182.407"/>
  <system-out/>
</testsuite> <!-- testScripts.placeTheOrderTest -->
