<?xml version="1.0" encoding="UTF-8"?>
<!-- Generated by org.testng.reporters.JUnitReportReporter -->
<testsuite hostname="DESKTOP-P9MM3AH" failures="0" tests="1" name="com.GuestUserWith_GcAndCC.tc__BundleProductForGuestUser_InGcAndCc" time="16.913" errors="0" timestamp="2023-10-16T15:54:38 IST" skipped="0">
  <testcase classname="com.GuestUserWith_GcAndCC.tc__BundleProductForGuestUser_InGcAndCc" name="bundleProduct" time="16.913"/>
  <system-out/>
</testsuite> <!-- com.GuestUserWith_GcAndCC.tc__BundleProductForGuestUser_InGcAndCc -->
