<?xml version="1.0" encoding="UTF-8"?>
<!-- Generated by org.testng.reporters.JUnitReportReporter -->
<testsuite hostname="DESKTOP-CPG5TUI" failures="0" tests="1" name="com.providio.testcases.tc__PaymentByGooglePay" time="84.731" errors="0" timestamp="2023-08-03T16:51:59 IST" skipped="0">
  <testcase classname="com.providio.testcases.tc__PaymentByGooglePay" name="paymentByGooglePay" time="84.731"/>
  <system-out/>
</testsuite> <!-- com.providio.testcases.tc__PaymentByGooglePay -->
