<?xml version="1.0" encoding="UTF-8"?>
<!-- Generated by org.testng.reporters.JUnitReportReporter -->
<testsuite hostname="DESKTOP-P9MM3AH" failures="0" tests="1" name="com.providio.testcases.tc__SimpleProductFromExcel" time="0.046" errors="0" timestamp="2023-07-18T12:27:54 IST" skipped="0">
  <testcase classname="com.providio.testcases.tc__SimpleProductFromExcel" name="simpleProduct" time="0.046"/>
  <system-out/>
</testsuite> <!-- com.providio.testcases.tc__SimpleProductFromExcel -->
