<?xml version="1.0" encoding="UTF-8"?>
<!-- Generated by org.testng.reporters.JUnitReportReporter -->
<testsuite hostname="DESKTOP-P9MM3AH" failures="0" tests="1" name="testScripts.OrderSettingsTests" time="64.030" errors="0" timestamp="2024-03-20T12:41:58 IST" skipped="0">
  <testcase classname="testScripts.OrderSettingsTests" name="VerifyingOrderSettingPagefromSideMenu" time="64.030"/>
  <system-out/>
</testsuite> <!-- testScripts.OrderSettingsTests -->
