<?xml version="1.0" encoding="UTF-8"?>
<!-- Generated by org.testng.reporters.JUnitReportReporter -->
<testsuite hostname="DESKTOP-CPG5TUI" failures="0" tests="1" name="com.GuestUserWith_Checkout_Paypal.tc__SimpleProduct_Gc_InCheckout_Paypal" time="83.606" errors="0" timestamp="2023-09-06T16:45:05 IST" skipped="0">
  <testcase classname="com.GuestUserWith_Checkout_Paypal.tc__SimpleProduct_Gc_InCheckout_Paypal" name="simpleProduct_Gc" time="83.606"/>
  <system-out/>
</testsuite> <!-- com.GuestUserWith_Checkout_Paypal.tc__SimpleProduct_Gc_InCheckout_Paypal -->
