<?xml version="1.0" encoding="UTF-8"?>
<!-- Generated by org.testng.reporters.JUnitReportReporter -->
<testsuite hostname="DESKTOP-P9MM3AH" failures="0" tests="1" name="com.GuestUserWith_CreditCard.tc__SimpleProductForGuestUser_InCC" time="114.600" errors="0" timestamp="2023-10-16T18:08:40 IST" skipped="0">
  <testcase classname="com.GuestUserWith_CreditCard.tc__SimpleProductForGuestUser_InCC" name="simpleProduct" time="114.600"/>
  <system-out/>
</testsuite> <!-- com.GuestUserWith_CreditCard.tc__SimpleProductForGuestUser_InCC -->
