<?xml version="1.0" encoding="UTF-8"?>
<!-- Generated by org.testng.reporters.JUnitReportReporter -->
<testsuite hostname="DESKTOP-CPG5TUI" failures="0" tests="1" name="com.CombinationOfProducts_InGuestUserWith_CreditCard.orderFor_SimpleProducts_Bundle_Gc" time="208.590" errors="0" timestamp="2023-09-06T10:31:48 IST" skipped="0">
  <testcase classname="com.CombinationOfProducts_InGuestUserWith_CreditCard.orderFor_SimpleProducts_Bundle_Gc" name="simpleProducts_Bundle_Gc" time="208.590"/>
  <system-out/>
</testsuite> <!-- com.CombinationOfProducts_InGuestUserWith_CreditCard.orderFor_SimpleProducts_Bundle_Gc -->
