<?xml version="1.0" encoding="UTF-8"?>
<!-- Generated by org.testng.reporters.JUnitReportReporter -->
<testsuite hostname="DESKTOP-P9MM3AH" failures="0" tests="20" name="testScripts.ShippingAddressPageTests" time="913.213" errors="0" timestamp="2024-02-29T11:51:15 IST" skipped="0">
  <testcase classname="testScripts.ShippingAddressPageTests" name="VerifyingEditCustomerEmailInShippingAddressPage" time="11.618"/>
  <system-out/>
  <testcase classname="testScripts.ShippingAddressPageTests" name="VerifyingValidShippingAddressRegUserInShippingAddressPage" time="75.491"/>
  <system-out/>
  <testcase classname="testScripts.ShippingAddressPageTests" name="VerifyingProductClickInShippingAddressPage" time="58.470"/>
  <system-out/>
  <testcase classname="testScripts.ShippingAddressPageTests" name="VerifyingNextPaymentButtonInShippingAddressPage" time="0.069"/>
  <system-out/>
  <testcase classname="testScripts.ShippingAddressPageTests" name="VerifyingEmptyFormInShippingAddressPage" time="9.457"/>
  <system-out/>
  <testcase classname="testScripts.ShippingAddressPageTests" name="VerifyingShippingAddressFormInShippingAddressPage" time="50.768"/>
  <system-out/>
  <testcase classname="testScripts.ShippingAddressPageTests" name="VerifyingGetCustomerInformationInShippingAddressPage" time="0.099"/>
  <system-out/>
  <testcase classname="testScripts.ShippingAddressPageTests" name="VerifyingValidShippingAddressInShippingAddressPage" time="22.057"/>
  <system-out/>
  <testcase classname="testScripts.ShippingAddressPageTests" name="VerifyingBackToCartInShippingAddressPage" time="58.800"/>
  <system-out/>
  <testcase classname="testScripts.ShippingAddressPageTests" name="VerifyingUpdateShippingAddressRegUserInShippingAddressPage" time="153.869"/>
  <system-out/>
  <testcase classname="testScripts.ShippingAddressPageTests" name="VerifyingLastNameFieldErrorInShippingAddressPage" time="33.244"/>
  <system-out/>
  <testcase classname="testScripts.ShippingAddressPageTests" name="VerifyingShippingAddressPageLoadingInShippingPage" time="126.306"/>
  <system-out/>
  <testcase classname="testScripts.ShippingAddressPageTests" name="VerifyingETGLogoClickInShippingAddressPage" time="9.286"/>
  <system-out/>
  <testcase classname="testScripts.ShippingAddressPageTests" name="VerifyingAddressFieldErrorInShippingAddressPage" time="24.622"/>
  <system-out/>
  <testcase classname="testScripts.ShippingAddressPageTests" name="VerifyingOrderSummeryInShippingAddressPage" time="0.078"/>
  <system-out/>
  <testcase classname="testScripts.ShippingAddressPageTests" name="VerifyingPhoneNumberFieldErrorInShippingAddressPage" time="32.979"/>
  <system-out/>
  <testcase classname="testScripts.ShippingAddressPageTests" name="VerifyingShippingAddressRegUserInShippingAddressPage" time="48.599"/>
  <system-out/>
  <testcase classname="testScripts.ShippingAddressPageTests" name="VerifyingSelectExistiongShippingAddressRegUserInShippingAddressPage" time="164.280"/>
  <system-out/>
  <testcase classname="testScripts.ShippingAddressPageTests" name="VerifyingFirstNameFieldErrorInShippingAddressPage" time="33.025"/>
  <system-out/>
  <testcase classname="testScripts.ShippingAddressPageTests" name="VerifyingEtgLogoInShippingAddressPage" time="0.096"/>
  <system-out/>
</testsuite> <!-- testScripts.ShippingAddressPageTests -->
