<?xml version="1.0" encoding="UTF-8"?>
<!-- Generated by org.testng.reporters.JUnitReportReporter -->
<testsuite hostname="DESKTOP-P9MM3AH" failures="0" tests="1" name="com.providio.testcases.tc__Login" time="30.715" errors="0" timestamp="2023-09-14T15:19:10 IST" skipped="0">
  <testcase classname="com.providio.testcases.tc__Login" name="loginTest" time="30.715"/>
  <system-out/>
</testsuite> <!-- com.providio.testcases.tc__Login -->
