<?xml version="1.0" encoding="UTF-8"?>
<!-- Generated by org.testng.reporters.JUnitReportReporter -->
<testsuite hostname="DESKTOP-CPG5TUI" failures="0" tests="1" name="com.providio.payments.tc__OrderByGCandPaypalRegUser" time="7.243" errors="0" timestamp="2023-09-12T16:59:53 IST" skipped="0">
  <testcase classname="com.providio.payments.tc__OrderByGCandPaypalRegUser" name="paypalFromCheckoutPage" time="7.243"/>
  <system-out/>
</testsuite> <!-- com.providio.payments.tc__OrderByGCandPaypalRegUser -->
