<?xml version="1.0" encoding="UTF-8"?>
<!-- Generated by org.testng.reporters.JUnitReportReporter -->
<testsuite hostname="Upendra" failures="0" tests="8" name="com.providio.testcases.testlogin" time="183.509" errors="0" timestamp="2023-07-14T12:47:25 IST" skipped="0">
  <testcase classname="com.providio.testcases.testlogin" name="verifyLoginFailureWithEmptyEmailAndPassword" time="25.090"/>
  <system-out/>
  <testcase classname="com.providio.testcases.testlogin" name="verifyLoginFailureWithEmptyPassword" time="21.985"/>
  <system-out/>
  <testcase classname="com.providio.testcases.testlogin" name="verifySuccessfulLogin" time="21.961"/>
  <system-out/>
  <testcase classname="com.providio.testcases.testlogin" name="verifyLoginFailureWithInvalidEmailFormat" time="21.874"/>
  <system-out/>
  <testcase classname="com.providio.testcases.testlogin" name="verifyLoginFailureWithIncorrectCredentials" time="21.951"/>
  <system-out/>
  <testcase classname="com.providio.testcases.testlogin" name="openBrowserandClickSignInButton" time="18.566"/>
  <system-out/>
  <testcase classname="com.providio.testcases.testlogin" name="verifyLoginFailureWithEmptyEmail" time="26.604"/>
  <system-out/>
  <testcase classname="com.providio.testcases.testlogin" name="verifyLoginFailureWithIncorrectPassword" time="25.478"/>
  <system-out/>
</testsuite> <!-- com.providio.testcases.testlogin -->
