<?xml version="1.0" encoding="UTF-8"?>
<!-- Generated by org.testng.reporters.JUnitReportReporter -->
<testsuite hostname="DESKTOP-P9MM3AH" failures="0" tests="10" name="testScripts.ReviewOrderTest" time="718.596" errors="0" timestamp="2024-02-28T22:00:22 IST" skipped="0">
  <testcase classname="testScripts.ReviewOrderTest" name="VerifyingPaginationOfProductsInReviewOrderPage" time="121.758"/>
  <system-out/>
  <testcase classname="testScripts.ReviewOrderTest" name="VerifyingEtgLogoDisplayInReviewOrderPage" time="0.074"/>
  <system-out/>
  <testcase classname="testScripts.ReviewOrderTest" name="VerifyingTheEditBillingAddressFromReviewOrderPageAndPlaceOrder" time="206.104"/>
  <system-out/>
  <testcase classname="testScripts.ReviewOrderTest" name="VerifyingOrderSummaryDisplayInReviewOrderPage" time="0.121"/>
  <system-out/>
  <testcase classname="testScripts.ReviewOrderTest" name="VerifyingTheEditShippingAddressFromReviewOrderPageAndPlaceOrder" time="130.222"/>
  <system-out/>
  <testcase classname="testScripts.ReviewOrderTest" name="VerifyingPlaceOrderButtonDisplayInReviewOrderPage" time="0.124"/>
  <system-out/>
  <testcase classname="testScripts.ReviewOrderTest" name="VerifyingEditPhoneNumberInBillingAddressFromReviewOrderPageAndPlaceOrder" time="214.240"/>
  <system-out/>
  <testcase classname="testScripts.ReviewOrderTest" name="VerifyingTheEditPhoneNumInShippingAddressFromReviewOrderPageAndPlaceOrder" time="45.806"/>
  <system-out/>
  <testcase classname="testScripts.ReviewOrderTest" name="VerifyingPaymentInfoDisplayInReviewOrderPage" time="0.072"/>
  <system-out/>
  <testcase classname="testScripts.ReviewOrderTest" name="VerifyingTheDisplayOfCustomerInfoInReviewOrderPage" time="0.075"/>
  <system-out/>
</testsuite> <!-- testScripts.ReviewOrderTest -->
