<?xml version="1.0" encoding="UTF-8"?>
<!-- Generated by org.testng.reporters.JUnitReportReporter -->
<testsuite hostname="DESKTOP-P9MM3AH" failures="0" tests="1" name="testScripts.loginPageTest" time="29.007" errors="0" timestamp="2024-03-20T12:41:58 IST" skipped="0">
  <testcase classname="testScripts.loginPageTest" name="VerifyingLoginWithValidCredentials" time="29.007"/>
  <system-out/>
</testsuite> <!-- testScripts.loginPageTest -->
