<?xml version="1.0" encoding="UTF-8"?>
<!-- Generated by org.testng.reporters.JUnitReportReporter -->
<testsuite hostname="DESKTOP-P9MM3AH" failures="0" tests="1" name="com.providio.testcases.testlogin1" time="16.953" errors="0" timestamp="2023-07-20T10:35:51 IST" skipped="0">
  <testcase classname="com.providio.testcases.testlogin1" name="initializeDriver" time="16.953"/>
  <system-out/>
</testsuite> <!-- com.providio.testcases.testlogin1 -->
