<?xml version="1.0" encoding="UTF-8"?>
<!-- Generated by org.testng.reporters.JUnitReportReporter -->
<testsuite hostname="Upendra" failures="0" tests="1" name="com.providio.testcases.tc__RandomMenusRandomProducts" time="1633.647" errors="0" timestamp="2023-07-07T16:48:37 IST" skipped="0">
  <testcase classname="com.providio.testcases.tc__RandomMenusRandomProducts" name="randomMenuandRandomProduct" time="1633.647"/>
  <system-out/>
</testsuite> <!-- com.providio.testcases.tc__RandomMenusRandomProducts -->
