<?xml version="1.0" encoding="UTF-8"?>
<!-- Generated by org.testng.reporters.JUnitReportReporter -->
<testsuite hostname="DESKTOP-P9MM3AH" failures="0" tests="5" name="testScripts.GiftCertificateTest" time="84.196" errors="0" timestamp="2024-02-28T22:00:22 IST" skipped="0">
  <testcase classname="testScripts.GiftCertificateTest" name="VerifyTheErrorsRecipientEmailAndConfirmEmail" time="11.678"/>
  <system-out/>
  <testcase classname="testScripts.GiftCertificateTest" name="VerifyErrorMsgsInGiftCard" time="14.239"/>
  <system-out/>
  <testcase classname="testScripts.GiftCertificateTest" name="VerifyErrorsForConfirmMail" time="17.104"/>
  <system-out/>
  <testcase classname="testScripts.GiftCertificateTest" name="VerifytheErrorsFromName_Recipients_confirmRecipientEMail" time="15.769"/>
  <system-out/>
  <testcase classname="testScripts.GiftCertificateTest" name="VerifyGiftCardToCart" time="25.406"/>
  <system-out/>
</testsuite> <!-- testScripts.GiftCertificateTest -->
