<?xml version="1.0" encoding="UTF-8"?>
<!-- Generated by org.testng.reporters.JUnitReportReporter -->
<testsuite hostname="DESKTOP-CPG5TUI" failures="0" tests="1" name="com.providio.testcases.tc__BundleProductRegUser" time="154.771" errors="0" timestamp="2023-09-06T12:07:44 IST" skipped="0">
  <testcase classname="com.providio.testcases.tc__BundleProductRegUser" name="bundleProduct" time="154.771"/>
  <system-out/>
</testsuite> <!-- com.providio.testcases.tc__BundleProductRegUser -->
