<?xml version="1.0" encoding="UTF-8"?>
<!-- Generated by org.testng.reporters.JUnitReportReporter -->
<testsuite hostname="Upendra" failures="0" tests="1" name="com.proviodi.eachPagetest.pdppage" time="14.675" errors="0" timestamp="2024-01-07T21:26:01 IST" skipped="0">
  <testcase classname="com.proviodi.eachPagetest.pdppage" name="testing" time="14.675"/>
  <system-out/>
</testsuite> <!-- com.proviodi.eachPagetest.pdppage -->
