<?xml version="1.0" encoding="UTF-8"?>
<!-- Generated by org.testng.reporters.JUnitReportReporter -->
<testsuite hostname="DESKTOP-P9MM3AH" failures="0" tests="1" name="testScripts.CreateOrderDeliveryMethodTest" time="67.601" errors="0" timestamp="2024-03-18T10:56:23 IST" skipped="0">
  <testcase classname="testScripts.CreateOrderDeliveryMethodTest" name="VerifyingCreateNewOrderDeliveryMethod" time="67.601"/>
  <system-out/>
</testsuite> <!-- testScripts.CreateOrderDeliveryMethodTest -->
