<?xml version="1.0" encoding="UTF-8"?>
<!-- Generated by org.testng.reporters.JUnitReportReporter -->
<testsuite hostname="DESKTOP-P9MM3AH" failures="0" tests="5" name="testScripts.MiniCartPageTests" time="159.147" errors="0" timestamp="2024-02-28T22:00:22 IST" skipped="0">
  <testcase classname="testScripts.MiniCartPageTests" name="VerifingRemoveBtnInMiniCart" time="20.655"/>
  <system-out/>
  <testcase classname="testScripts.MiniCartPageTests" name="VerifingCheckOutBtnClickInMiniCart" time="30.427"/>
  <system-out/>
  <testcase classname="testScripts.MiniCartPageTests" name="VerifingCloseBtnInMiniCart" time="7.255"/>
  <system-out/>
  <testcase classname="testScripts.MiniCartPageTests" name="VerifingCustomInputInMiniCart" time="79.495"/>
  <system-out/>
  <testcase classname="testScripts.MiniCartPageTests" name="VerifingViewCartBtnClickInMiniCart" time="21.315"/>
  <system-out/>
</testsuite> <!-- testScripts.MiniCartPageTests -->
