<?xml version="1.0" encoding="UTF-8"?>
<!-- Generated by org.testng.reporters.JUnitReportReporter -->
<testsuite hostname="DESKTOP-P9MM3AH" failures="0" tests="1" name="testScripts.MyAccountPageTests" time="26.370" errors="0" timestamp="2024-02-28T22:00:22 IST" skipped="0">
  <testcase classname="testScripts.MyAccountPageTests" name="VerifingMyAccount" time="26.370"/>
  <system-out/>
</testsuite> <!-- testScripts.MyAccountPageTests -->
