<?xml version="1.0" encoding="UTF-8"?>
<!-- Generated by org.testng.reporters.JUnitReportReporter -->
<testsuite hostname="DESKTOP-P9MM3AH" failures="0" tests="1" name="testScripts.CheckCurrencySettoUSDTest" time="3.089" errors="0" timestamp="2024-03-20T12:41:58 IST" skipped="0">
  <testcase classname="testScripts.CheckCurrencySettoUSDTest" name="VerifyingCurrencyisSetToUsd" time="3.089"/>
  <system-out/>
</testsuite> <!-- testScripts.CheckCurrencySettoUSDTest -->
