<?xml version="1.0" encoding="UTF-8"?>
<!-- Generated by org.testng.reporters.JUnitReportReporter -->
<testsuite hostname="DESKTOP-P9MM3AH" failures="0" tests="1" name="com.providio.testcases.tc__viewCartvalidation" time="245.155" errors="0" timestamp="2023-10-16T15:48:31 IST" skipped="0">
  <testcase classname="com.providio.testcases.tc__viewCartvalidation" name="viewCartvalidation" time="245.155"/>
  <system-out/>
</testsuite> <!-- com.providio.testcases.tc__viewCartvalidation -->
